<?xml version="1.0" encoding="UTF-8"?>
<testsuite xmlns:xsi="http://www.w3.org/2001/XMLSchema-instance" xsi:schemaLocation="https://maven.apache.org/surefire/maven-surefire-plugin/xsd/surefire-test-report.xsd" name="TestSuite" time="237.534" tests="174" errors="0" skipped="0" failures="0">
  <properties>
[...]
</properties>
  <testcase name="checkContentLength" classname="com.heroes.testCases.TC_001_CheckGetAllHeroDetails" time="0.003"/>
  <testcase name="checkContentType" classname="com.heroes.testCases.TC_001_CheckGetAllHeroDetails" time="0"/>
  <testcase name="checkResponseTime" classname="com.heroes.testCases.TC_001_CheckGetAllHeroDetails" time="0.001"/>
  <testcase name="checkResposeBody" classname="com.heroes.testCases.TC_001_CheckGetAllHeroDetails" time="0.002"/>
  <testcase name="checkStatusCode" classname="com.heroes.testCases.TC_001_CheckGetAllHeroDetails" time="0"/>
  <testcase name="checkstatusLine" classname="com.heroes.testCases.TC_001_CheckGetAllHeroDetails" time="0.002"/>
  <testcase name="checkContentLength" classname="com.heroes.testCases.TC_002_CheckGetSingleHero" time="0"/>
  <testcase name="checkContentType" classname="com.heroes.testCases.TC_002_CheckGetSingleHero" time="0"/>
  <testcase name="checkResponseTime" classname="com.heroes.testCases.TC_002_CheckGetSingleHero" time="0"/>
  <testcase name="checkResposeBody" classname="com.heroes.testCases.TC_002_CheckGetSingleHero" time="0.001"/>
  <testcase name="checkStatusCode" classname="com.heroes.testCases.TC_002_CheckGetSingleHero" time="0"/>
  <testcase name="checkstatusLine" classname="com.heroes.testCases.TC_002_CheckGetSingleHero" time="0"/>
  <testcase name="checkContentLength" classname="com.heroes.testCases.TC_003_CheckPostAHeroToFight" time="0"/>
  <testcase name="checkContentType" classname="com.heroes.testCases.TC_003_CheckPostAHeroToFight" time="0"/>
  <testcase name="checkResponseTime" classname="com.heroes.testCases.TC_003_CheckPostAHeroToFight" time="0"/>
  <testcase name="checkResposeBody" classname="com.heroes.testCases.TC_003_CheckPostAHeroToFight" time="0.001"/>
  <testcase name="checkStatusCode" classname="com.heroes.testCases.TC_003_CheckPostAHeroToFight" time="0"/>
  <testcase name="checkstatusLine" classname="com.heroes.testCases.TC_003_CheckPostAHeroToFight" time="0"/>
  <testcase name="checkContentLength" classname="com.heroes.testCases.TC_004_CheckPostSecondHeroToFight" time="0"/>
  <testcase name="checkContentType" classname="com.heroes.testCases.TC_004_CheckPostSecondHeroToFight" time="0"/>
  <testcase name="checkResponseTime" classname="com.heroes.testCases.TC_004_CheckPostSecondHeroToFight" time="0"/>
  <testcase name="checkResposeBody" classname="com.heroes.testCases.TC_004_CheckPostSecondHeroToFight" time="0.001"/>
  <testcase name="checkStatusCode" classname="com.heroes.testCases.TC_004_CheckPostSecondHeroToFight" time="0"/>
  <testcase name="checkstatusLine" classname="com.heroes.testCases.TC_004_CheckPostSecondHeroToFight" time="0"/>
  <testcase name="checkContentLength" classname="com.heroes.testCases.TC_005_CheckPostRequestMakeThemFight" time="0"/>
  <testcase name="checkContentType" classname="com.heroes.testCases.TC_005_CheckPostRequestMakeThemFight" time="0"/>
  <testcase name="checkResponseTime" classname="com.heroes.testCases.TC_005_CheckPostRequestMakeThemFight" time="0"/>
  <testcase name="checkResposeBody" classname="com.heroes.testCases.TC_005_CheckPostRequestMakeThemFight" time="0.002"/>
  <testcase name="checkStatusCode" classname="com.heroes.testCases.TC_005_CheckPostRequestMakeThemFight" time="0"/>
  <testcase name="checkstatusLine" classname="com.heroes.testCases.TC_005_CheckPostRequestMakeThemFight" time="0"/>
  <testcase name="checkContentLength" classname="com.heroes.testCases.TC_006_CheckDeleteResetFight" time="0"/>
  <testcase name="checkContentType" classname="com.heroes.testCases.TC_006_CheckDeleteResetFight" time="0.001"/>
  <testcase name="checkResponseTime" classname="com.heroes.testCases.TC_006_CheckDeleteResetFight" time="0"/>
  <testcase name="checkResposeBody" classname="com.heroes.testCases.TC_006_CheckDeleteResetFight" time="0.001"/>
  <testcase name="checkStatusCode" classname="com.heroes.testCases.TC_006_CheckDeleteResetFight" time="0"/>
  <testcase name="checkstatusLine" classname="com.heroes.testCases.TC_006_CheckDeleteResetFight" time="0"/>
  <testcase name="checkContentLength" classname="com.heroes.testCases.TC_007_CheckFightWithoutAddingHeroes" time="0"/>
  <testcase name="checkContentType" classname="com.heroes.testCases.TC_007_CheckFightWithoutAddingHeroes" time="0"/>
  <testcase name="checkResponseTime" classname="com.heroes.testCases.TC_007_CheckFightWithoutAddingHeroes" time="0"/>
  <testcase name="checkResposeBody" classname="com.heroes.testCases.TC_007_CheckFightWithoutAddingHeroes" time="0.001"/>
  <testcase name="checkStatusCode" classname="com.heroes.testCases.TC_007_CheckFightWithoutAddingHeroes" time="0"/>
  <testcase name="checkstatusLine" classname="com.heroes.testCases.TC_007_CheckFightWithoutAddingHeroes" time="0.003"/>
  <testcase name="checkContentLength" classname="com.heroes.testCases.TC_008_CheckFightWithAddingOneHero" time="0"/>
  <testcase name="checkContentType" classname="com.heroes.testCases.TC_008_CheckFightWithAddingOneHero" time="0"/>
  <testcase name="checkResponseTime" classname="com.heroes.testCases.TC_008_CheckFightWithAddingOneHero" time="0"/>
  <testcase name="checkResposeBody" classname="com.heroes.testCases.TC_008_CheckFightWithAddingOneHero" time="0"/>
  <testcase name="checkStatusCode" classname="com.heroes.testCases.TC_008_CheckFightWithAddingOneHero" time="0"/>
  <testcase name="checkstatusLine" classname="com.heroes.testCases.TC_008_CheckFightWithAddingOneHero" time="0"/>
  <testcase name="checkContentLength" classname="com.heroes.testCases.TC_009_CheckAddingThreeHeroes" time="0"/>
  <testcase name="checkContentType" classname="com.heroes.testCases.TC_009_CheckAddingThreeHeroes" time="0"/>
  <testcase name="checkResponseTime" classname="com.heroes.testCases.TC_009_CheckAddingThreeHeroes" time="0"/>
  <testcase name="checkResposeBody" classname="com.heroes.testCases.TC_009_CheckAddingThreeHeroes" time="0.001"/>
  <testcase name="checkStatusCode" classname="com.heroes.testCases.TC_009_CheckAddingThreeHeroes" time="0"/>
  <testcase name="checkstatusLine" classname="com.heroes.testCases.TC_009_CheckAddingThreeHeroes" time="0"/>
  <testcase name="checkContentLength" classname="com.heroes.testCases.TC_010_CheckAddingSameHeroTwice" time="0"/>
  <testcase name="checkContentType" classname="com.heroes.testCases.TC_010_CheckAddingSameHeroTwice" time="0"/>
  <testcase name="checkResponseTime" classname="com.heroes.testCases.TC_010_CheckAddingSameHeroTwice" time="0"/>
  <testcase name="checkResposeBody" classname="com.heroes.testCases.TC_010_CheckAddingSameHeroTwice" time="0.001"/>
  <testcase name="checkStatusCode" classname="com.heroes.testCases.TC_010_CheckAddingSameHeroTwice" time="0"/>
  <testcase name="checkstatusLine" classname="com.heroes.testCases.TC_010_CheckAddingSameHeroTwice" time="0"/>
  <testcase name="checkContentLength" classname="com.heroes.testCases.TC_011_CheckAddingTwoHeroInASCPowerLevel" time="0.002"/>
  <testcase name="checkContentType" classname="com.heroes.testCases.TC_011_CheckAddingTwoHeroInASCPowerLevel" time="0.001"/>
  <testcase name="checkResponseTime" classname="com.heroes.testCases.TC_011_CheckAddingTwoHeroInASCPowerLevel" time="0"/>
  <testcase name="checkResposeBody" classname="com.heroes.testCases.TC_011_CheckAddingTwoHeroInASCPowerLevel" time="0.001"/>
  <testcase name="checkStatusCode" classname="com.heroes.testCases.TC_011_CheckAddingTwoHeroInASCPowerLevel" time="0"/>
  <testcase name="checkstatusLine" classname="com.heroes.testCases.TC_011_CheckAddingTwoHeroInASCPowerLevel" time="0"/>
  <testcase name="checkContentLength" classname="com.heroes.testCases.TC_012_CheckAddingTwoHeroInDescPowerLevel" time="0"/>
  <testcase name="checkContentType" classname="com.heroes.testCases.TC_012_CheckAddingTwoHeroInDescPowerLevel" time="0"/>
  <testcase name="checkResponseTime" classname="com.heroes.testCases.TC_012_CheckAddingTwoHeroInDescPowerLevel" time="0"/>
  <testcase name="checkResposeBody" classname="com.heroes.testCases.TC_012_CheckAddingTwoHeroInDescPowerLevel" time="0.001"/>
  <testcase name="checkStatusCode" classname="com.heroes.testCases.TC_012_CheckAddingTwoHeroInDescPowerLevel" time="0.001"/>
  <testcase name="checkstatusLine" classname="com.heroes.testCases.TC_012_CheckAddingTwoHeroInDescPowerLevel" time="0"/>
  <testcase name="checkContentLength" classname="com.heroes.testCases.TC_013_CheckAddingTwoHeroesInRandomPowerLevel" time="0"/>
  <testcase name="checkContentType" classname="com.heroes.testCases.TC_013_CheckAddingTwoHeroesInRandomPowerLevel" time="0"/>
  <testcase name="checkResponseTime" classname="com.heroes.testCases.TC_013_CheckAddingTwoHeroesInRandomPowerLevel" time="0.002"/>
  <testcase name="checkResposeBody" classname="com.heroes.testCases.TC_013_CheckAddingTwoHeroesInRandomPowerLevel" time="0.001"/>
  <testcase name="checkStatusCode" classname="com.heroes.testCases.TC_013_CheckAddingTwoHeroesInRandomPowerLevel" time="0"/>
  <testcase name="checkstatusLine" classname="com.heroes.testCases.TC_013_CheckAddingTwoHeroesInRandomPowerLevel" time="0"/>
  <testcase name="checkContentLength" classname="com.heroes.testCases.TC_014_CheckAddingThreeHeroesInAscOrderPowerLevel" time="0"/>
  <testcase name="checkContentType" classname="com.heroes.testCases.TC_014_CheckAddingThreeHeroesInAscOrderPowerLevel" time="0"/>
  <testcase name="checkResponseTime" classname="com.heroes.testCases.TC_014_CheckAddingThreeHeroesInAscOrderPowerLevel" time="0"/>
  <testcase name="checkResposeBody" classname="com.heroes.testCases.TC_014_CheckAddingThreeHeroesInAscOrderPowerLevel" time="0"/>
  <testcase name="checkStatusCode" classname="com.heroes.testCases.TC_014_CheckAddingThreeHeroesInAscOrderPowerLevel" time="0"/>
  <testcase name="checkstatusLine" classname="com.heroes.testCases.TC_014_CheckAddingThreeHeroesInAscOrderPowerLevel" time="0"/>
  <testcase name="checkContentLength" classname="com.heroes.testCases.TC_015_CheckAddingThreeHeroesInDescPowerLevel" time="0.001"/>
  <testcase name="checkContentType" classname="com.heroes.testCases.TC_015_CheckAddingThreeHeroesInDescPowerLevel" time="0"/>
  <testcase name="checkResponseTime" classname="com.heroes.testCases.TC_015_CheckAddingThreeHeroesInDescPowerLevel" time="0"/>
  <testcase name="checkResposeBody" classname="com.heroes.testCases.TC_015_CheckAddingThreeHeroesInDescPowerLevel" time="0.001"/>
  <testcase name="checkStatusCode" classname="com.heroes.testCases.TC_015_CheckAddingThreeHeroesInDescPowerLevel" time="0.001"/>
  <testcase name="checkstatusLine" classname="com.heroes.testCases.TC_015_CheckAddingThreeHeroesInDescPowerLevel" time="0"/>
  <testcase name="checkContentLength" classname="com.heroes.testCases.TC_016_CheckAddingThreeHeroesInRandomPowerLevel" time="0"/>
  <testcase name="checkContentType" classname="com.heroes.testCases.TC_016_CheckAddingThreeHeroesInRandomPowerLevel" time="0"/>
  <testcase name="checkResponseTime" classname="com.heroes.testCases.TC_016_CheckAddingThreeHeroesInRandomPowerLevel" time="0"/>
  <testcase name="checkResposeBody" classname="com.heroes.testCases.TC_016_CheckAddingThreeHeroesInRandomPowerLevel" time="0"/>
  <testcase name="checkStatusCode" classname="com.heroes.testCases.TC_016_CheckAddingThreeHeroesInRandomPowerLevel" time="0"/>
  <testcase name="checkstatusLine" classname="com.heroes.testCases.TC_016_CheckAddingThreeHeroesInRandomPowerLevel" time="0.001"/>
  <testcase name="checkContentLength" classname="com.heroes.testCases.TC_017_CheckAddingFourHeroes" time="0.003"/>
  <testcase name="checkContentType" classname="com.heroes.testCases.TC_017_CheckAddingFourHeroes" time="0"/>
  <testcase name="checkResponseTime" classname="com.heroes.testCases.TC_017_CheckAddingFourHeroes" time="0"/>
  <testcase name="checkResposeBody" classname="com.heroes.testCases.TC_017_CheckAddingFourHeroes" time="0.001"/>
  <testcase name="checkStatusCode" classname="com.heroes.testCases.TC_017_CheckAddingFourHeroes" time="0"/>
  <testcase name="checkstatusLine" classname="com.heroes.testCases.TC_017_CheckAddingFourHeroes" time="0"/>
  <testcase name="checkContentLength" classname="com.heroes.testCases.TC_018_CheckAddingSameHeroAlternatively" time="0"/>
  <testcase name="checkContentType" classname="com.heroes.testCases.TC_018_CheckAddingSameHeroAlternatively" time="0"/>
  <testcase name="checkResponseTime" classname="com.heroes.testCases.TC_018_CheckAddingSameHeroAlternatively" time="0"/>
  <testcase name="checkResposeBody" classname="com.heroes.testCases.TC_018_CheckAddingSameHeroAlternatively" time="0"/>
  <testcase name="checkStatusCode" classname="com.heroes.testCases.TC_018_CheckAddingSameHeroAlternatively" time="0"/>
  <testcase name="checkstatusLine" classname="com.heroes.testCases.TC_018_CheckAddingSameHeroAlternatively" time="0"/>
  <testcase name="checkContentLength" classname="com.heroes.testCases.TC_019_CheckFightbetweenTwoResultHigherpowerlevelWins" time="0"/>
  <testcase name="checkContentType" classname="com.heroes.testCases.TC_019_CheckFightbetweenTwoResultHigherpowerlevelWins" time="0"/>
  <testcase name="checkResponseTime" classname="com.heroes.testCases.TC_019_CheckFightbetweenTwoResultHigherpowerlevelWins" time="0"/>
  <testcase name="checkResposeBody" classname="com.heroes.testCases.TC_019_CheckFightbetweenTwoResultHigherpowerlevelWins" time="0.002"/>
  <testcase name="checkStatusCode" classname="com.heroes.testCases.TC_019_CheckFightbetweenTwoResultHigherpowerlevelWins" time="0"/>
  <testcase name="checkstatusLine" classname="com.heroes.testCases.TC_019_CheckFightbetweenTwoResultHigherpowerlevelWins" time="0"/>
  <testcase name="checkContentLength" classname="com.heroes.testCases.TC_020_CheckGetMethodforIncorrectID" time="0"/>
  <testcase name="checkResponseTime" classname="com.heroes.testCases.TC_020_CheckGetMethodforIncorrectID" time="0.001"/>
  <testcase name="checkResposeBody" classname="com.heroes.testCases.TC_020_CheckGetMethodforIncorrectID" time="0.003"/>
  <testcase name="checkStatusCode" classname="com.heroes.testCases.TC_020_CheckGetMethodforIncorrectID" time="0.001"/>
  <testcase name="checkstatusLine" classname="com.heroes.testCases.TC_020_CheckGetMethodforIncorrectID" time="0"/>
  <testcase name="checkContentLength" classname="com.heroes.testCases.TC_021_CheckPostforInvaildNotinList" time="0"/>
  <testcase name="checkContentType" classname="com.heroes.testCases.TC_021_CheckPostforInvaildNotinList" time="0"/>
  <testcase name="checkResponseTime" classname="com.heroes.testCases.TC_021_CheckPostforInvaildNotinList" time="0"/>
  <testcase name="checkResposeBody" classname="com.heroes.testCases.TC_021_CheckPostforInvaildNotinList" time="0"/>
  <testcase name="checkStatusCode" classname="com.heroes.testCases.TC_021_CheckPostforInvaildNotinList" time="0"/>
  <testcase name="checkstatusLine" classname="com.heroes.testCases.TC_021_CheckPostforInvaildNotinList" time="0"/>
  <testcase name="checkContentLength" classname="com.heroes.testCases.TC_022_CheckGetRequestWithExtraspace" time="0"/>
  <testcase name="checkContentType" classname="com.heroes.testCases.TC_022_CheckGetRequestWithExtraspace" time="0.001"/>
  <testcase name="checkResponseTime" classname="com.heroes.testCases.TC_022_CheckGetRequestWithExtraspace" time="0.007"/>
  <testcase name="checkResposeBody" classname="com.heroes.testCases.TC_022_CheckGetRequestWithExtraspace" time="0.009"/>
  <testcase name="checkStatusCode" classname="com.heroes.testCases.TC_022_CheckGetRequestWithExtraspace" time="0"/>
  <testcase name="checkstatusLine" classname="com.heroes.testCases.TC_022_CheckGetRequestWithExtraspace" time="0"/>
  <testcase name="checkContentLength" classname="com.heroes.testCases.TC_023_CheckPostRequestWithvalidWithSpace" time="0"/>
  <testcase name="checkContentType" classname="com.heroes.testCases.TC_023_CheckPostRequestWithvalidWithSpace" time="0"/>
  <testcase name="checkResponseTime" classname="com.heroes.testCases.TC_023_CheckPostRequestWithvalidWithSpace" time="0"/>
  <testcase name="checkResposeBody" classname="com.heroes.testCases.TC_023_CheckPostRequestWithvalidWithSpace" time="0"/>
  <testcase name="checkStatusCode" classname="com.heroes.testCases.TC_023_CheckPostRequestWithvalidWithSpace" time="0"/>
  <testcase name="checkstatusLine" classname="com.heroes.testCases.TC_023_CheckPostRequestWithvalidWithSpace" time="0.001"/>
  <testcase name="checkContentLength" classname="com.heroes.testCases.TC_024_CheckSuccessMessageAfterAddingTwoHeroes" time="0"/>
  <testcase name="checkContentType" classname="com.heroes.testCases.TC_024_CheckSuccessMessageAfterAddingTwoHeroes" time="0"/>
  <testcase name="checkResponseTime" classname="com.heroes.testCases.TC_024_CheckSuccessMessageAfterAddingTwoHeroes" time="0"/>
  <testcase name="checkResposeBody" classname="com.heroes.testCases.TC_024_CheckSuccessMessageAfterAddingTwoHeroes" time="0.003"/>
  <testcase name="checkStatusCode" classname="com.heroes.testCases.TC_024_CheckSuccessMessageAfterAddingTwoHeroes" time="0"/>
  <testcase name="checkstatusLine" classname="com.heroes.testCases.TC_024_CheckSuccessMessageAfterAddingTwoHeroes" time="0"/>
  <testcase name="checkContentLength" classname="com.heroes.testCases.TC_025_CheckSuccessMessageAfterAddingThreeHeroes" time="0"/>
  <testcase name="checkResponseTime" classname="com.heroes.testCases.TC_025_CheckSuccessMessageAfterAddingThreeHeroes" time="0"/>
  <testcase name="checkResposeBody" classname="com.heroes.testCases.TC_025_CheckSuccessMessageAfterAddingThreeHeroes" time="0.001"/>
  <testcase name="checkStatusCode" classname="com.heroes.testCases.TC_025_CheckSuccessMessageAfterAddingThreeHeroes" time="0"/>
  <testcase name="checkstatusLine" classname="com.heroes.testCases.TC_025_CheckSuccessMessageAfterAddingThreeHeroes" time="0"/>
  <testcase name="checkResposeBody" classname="com.heroes.testCases.TC_026_CheckAuthenticationFailureWithInvalidToken" time="0"/>
  <testcase name="checkStatusCode" classname="com.heroes.testCases.TC_026_CheckAuthenticationFailureWithInvalidToken" time="0"/>
  <testcase name="checkstatusLine" classname="com.heroes.testCases.TC_026_CheckAuthenticationFailureWithInvalidToken" time="0"/>
  <testcase name="checkContentLength" classname="com.heroes.testCases.TC_027_CheckTokenAuthenticationValid" time="0.001"/>
  <testcase name="checkContentType" classname="com.heroes.testCases.TC_027_CheckTokenAuthenticationValid" time="0.001"/>
  <testcase name="checkResponseTime" classname="com.heroes.testCases.TC_027_CheckTokenAuthenticationValid" time="0"/>
  <testcase name="checkResposeBody" classname="com.heroes.testCases.TC_027_CheckTokenAuthenticationValid" time="0"/>
  <testcase name="checkStatusCode" classname="com.heroes.testCases.TC_027_CheckTokenAuthenticationValid" time="0"/>
  <testcase name="checkstatusLine" classname="com.heroes.testCases.TC_027_CheckTokenAuthenticationValid" time="0"/>
  <testcase name="checkContentLength" classname="com.heroes.testCases.TC_029_CheckFIghtBetweemThreeHeroesInASCPowerLevel" time="0"/>
  <testcase name="checkContentType" classname="com.heroes.testCases.TC_029_CheckFIghtBetweemThreeHeroesInASCPowerLevel" time="0"/>
  <testcase name="checkResponseTime" classname="com.heroes.testCases.TC_029_CheckFIghtBetweemThreeHeroesInASCPowerLevel" time="0"/>
  <testcase name="checkResposeBody" classname="com.heroes.testCases.TC_029_CheckFIghtBetweemThreeHeroesInASCPowerLevel" time="0.001"/>
  <testcase name="checkStatusCode" classname="com.heroes.testCases.TC_029_CheckFIghtBetweemThreeHeroesInASCPowerLevel" time="0"/>
  <testcase name="checkstatusLine" classname="com.heroes.testCases.TC_029_CheckFIghtBetweemThreeHeroesInASCPowerLevel" time="0"/>
  <testcase name="checkContentLength" classname="com.heroes.testCases.TC_032_CheckGetRequestwithValidIDaddedWithNumber" time="0"/>
  <testcase name="checkResponseTime" classname="com.heroes.testCases.TC_032_CheckGetRequestwithValidIDaddedWithNumber" time="0"/>
  <testcase name="checkResposeBody" classname="com.heroes.testCases.TC_032_CheckGetRequestwithValidIDaddedWithNumber" time="0"/>
  <testcase name="checkStatusCode" classname="com.heroes.testCases.TC_032_CheckGetRequestwithValidIDaddedWithNumber" time="0"/>
  <testcase name="checkstatusLine" classname="com.heroes.testCases.TC_032_CheckGetRequestwithValidIDaddedWithNumber" time="0"/>
  <testcase name="checkContentLength" classname="com.heroes.testCases.TC_033_CheckPostRequestWithValidIdaddedWithNumber" time="0.001"/>
  <testcase name="checkContentType" classname="com.heroes.testCases.TC_033_CheckPostRequestWithValidIdaddedWithNumber" time="0"/>
  <testcase name="checkResponseTime" classname="com.heroes.testCases.TC_033_CheckPostRequestWithValidIdaddedWithNumber" time="0"/>
  <testcase name="checkResposeBody" classname="com.heroes.testCases.TC_033_CheckPostRequestWithValidIdaddedWithNumber" time="0.001"/>
  <testcase name="checkStatusCode" classname="com.heroes.testCases.TC_033_CheckPostRequestWithValidIdaddedWithNumber" time="0"/>
  <testcase name="checkstatusLine" classname="com.heroes.testCases.TC_033_CheckPostRequestWithValidIdaddedWithNumber" time="0"/>
</testsuite>