<?xml version="1.0" encoding="UTF-8"?>
<testng-results skipped="0" failed="0" ignored="0" total="174" passed="174">
  <reporter-output>
  </reporter-output>
  <suite name="HeroesRestAPISuite" duration-ms="81230" started-at="2020-10-27T08:49:17Z" finished-at="2020-10-27T08:50:38Z">
    <groups>
    </groups>
    <test name="HeroesRestAPITest" duration-ms="81230" started-at="2020-10-27T08:49:17Z" finished-at="2020-10-27T08:50:38Z">
      <class name="com.heroes.testCases.TC_014_CheckAddingThreeHeroesInAscOrderPowerLevel">
        <test-method status="PASS" signature="setup()[pri:0, instance:com.heroes.testCases.TC_014_CheckAddingThreeHeroesInAscOrderPowerLevel@4566e5bd]" name="setup" is-config="true" duration-ms="2" started-at="2020-10-27T08:49:48Z" finished-at="2020-10-27T08:49:48Z">
          <reporter-output>
          </reporter-output>
        </test-method> <!-- setup -->
        <test-method status="PASS" signature="Checkddinorder()[pri:0, instance:com.heroes.testCases.TC_014_CheckAddingThreeHeroesInAscOrderPowerLevel@4566e5bd]" name="Checkddinorder" is-config="true" duration-ms="2071" started-at="2020-10-27T08:49:48Z" finished-at="2020-10-27T08:49:50Z">
          <reporter-output>
          </reporter-output>
        </test-method> <!-- Checkddinorder -->
        <test-method status="PASS" signature="checkContentLength()[pri:0, instance:com.heroes.testCases.TC_014_CheckAddingThreeHeroesInAscOrderPowerLevel@4566e5bd]" name="checkContentLength" duration-ms="1" started-at="2020-10-27T08:49:50Z" finished-at="2020-10-27T08:49:50Z">
          <reporter-output>
          </reporter-output>
        </test-method> <!-- checkContentLength -->
        <test-method status="PASS" signature="checkContentType()[pri:0, instance:com.heroes.testCases.TC_014_CheckAddingThreeHeroesInAscOrderPowerLevel@4566e5bd]" name="checkContentType" duration-ms="1" started-at="2020-10-27T08:49:50Z" finished-at="2020-10-27T08:49:50Z">
          <reporter-output>
          </reporter-output>
        </test-method> <!-- checkContentType -->
        <test-method status="PASS" signature="checkResponseTime()[pri:0, instance:com.heroes.testCases.TC_014_CheckAddingThreeHeroesInAscOrderPowerLevel@4566e5bd]" name="checkResponseTime" duration-ms="3" started-at="2020-10-27T08:49:50Z" finished-at="2020-10-27T08:49:50Z">
          <reporter-output>
          </reporter-output>
        </test-method> <!-- checkResponseTime -->
        <test-method status="PASS" signature="checkResposeBody()[pri:0, instance:com.heroes.testCases.TC_014_CheckAddingThreeHeroesInAscOrderPowerLevel@4566e5bd]" name="checkResposeBody" duration-ms="4" started-at="2020-10-27T08:49:50Z" finished-at="2020-10-27T08:49:50Z">
          <reporter-output>
          </reporter-output>
        </test-method> <!-- checkResposeBody -->
        <test-method status="PASS" signature="checkStatusCode()[pri:0, instance:com.heroes.testCases.TC_014_CheckAddingThreeHeroesInAscOrderPowerLevel@4566e5bd]" name="checkStatusCode" duration-ms="1" started-at="2020-10-27T08:49:50Z" finished-at="2020-10-27T08:49:50Z">
          <reporter-output>
          </reporter-output>
        </test-method> <!-- checkStatusCode -->
        <test-method status="PASS" signature="checkstatusLine()[pri:0, instance:com.heroes.testCases.TC_014_CheckAddingThreeHeroesInAscOrderPowerLevel@4566e5bd]" name="checkstatusLine" duration-ms="1" started-at="2020-10-27T08:49:50Z" finished-at="2020-10-27T08:49:50Z">
          <reporter-output>
          </reporter-output>
        </test-method> <!-- checkstatusLine -->
        <test-method status="PASS" signature="tearDown()[pri:0, instance:com.heroes.testCases.TC_014_CheckAddingThreeHeroesInAscOrderPowerLevel@4566e5bd]" name="tearDown" is-config="true" duration-ms="0" started-at="2020-10-27T08:49:50Z" finished-at="2020-10-27T08:49:50Z">
          <reporter-output>
          </reporter-output>
        </test-method> <!-- tearDown -->
      </class> <!-- com.heroes.testCases.TC_014_CheckAddingThreeHeroesInAscOrderPowerLevel -->
      <class name="com.heroes.testCases.TC_026_CheckAuthenticationFailureWithInvalidToken">
        <test-method status="PASS" signature="setup()[pri:0, instance:com.heroes.testCases.TC_026_CheckAuthenticationFailureWithInvalidToken@6adede5]" name="setup" is-config="true" duration-ms="2" started-at="2020-10-27T08:50:18Z" finished-at="2020-10-27T08:50:18Z">
          <reporter-output>
          </reporter-output>
        </test-method> <!-- setup -->
        <test-method status="PASS" signature="CheckAuthenticationFail()[pri:0, instance:com.heroes.testCases.TC_026_CheckAuthenticationFailureWithInvalidToken@6adede5]" name="CheckAuthenticationFail" is-config="true" duration-ms="2029" started-at="2020-10-27T08:50:18Z" finished-at="2020-10-27T08:50:20Z">
          <reporter-output>
          </reporter-output>
        </test-method> <!-- CheckAuthenticationFail -->
        <test-method status="PASS" signature="checkResposeBody()[pri:0, instance:com.heroes.testCases.TC_026_CheckAuthenticationFailureWithInvalidToken@6adede5]" name="checkResposeBody" duration-ms="0" started-at="2020-10-27T08:50:20Z" finished-at="2020-10-27T08:50:20Z">
          <reporter-output>
          </reporter-output>
        </test-method> <!-- checkResposeBody -->
        <test-method status="PASS" signature="checkStatusCode()[pri:0, instance:com.heroes.testCases.TC_026_CheckAuthenticationFailureWithInvalidToken@6adede5]" name="checkStatusCode" duration-ms="1" started-at="2020-10-27T08:50:20Z" finished-at="2020-10-27T08:50:20Z">
          <reporter-output>
          </reporter-output>
        </test-method> <!-- checkStatusCode -->
        <test-method status="PASS" signature="checkstatusLine()[pri:0, instance:com.heroes.testCases.TC_026_CheckAuthenticationFailureWithInvalidToken@6adede5]" name="checkstatusLine" duration-ms="0" started-at="2020-10-27T08:50:20Z" finished-at="2020-10-27T08:50:20Z">
          <reporter-output>
          </reporter-output>
        </test-method> <!-- checkstatusLine -->
        <test-method status="PASS" signature="tearDown()[pri:0, instance:com.heroes.testCases.TC_026_CheckAuthenticationFailureWithInvalidToken@6adede5]" name="tearDown" is-config="true" duration-ms="0" started-at="2020-10-27T08:50:20Z" finished-at="2020-10-27T08:50:20Z">
          <reporter-output>
          </reporter-output>
        </test-method> <!-- tearDown -->
      </class> <!-- com.heroes.testCases.TC_026_CheckAuthenticationFailureWithInvalidToken -->
      <class name="com.heroes.testCases.TC_032_CheckGetRequestwithValidIDaddedWithNumber">
        <test-method status="PASS" signature="setup()[pri:0, instance:com.heroes.testCases.TC_032_CheckGetRequestwithValidIDaddedWithNumber@49993335]" name="setup" is-config="true" duration-ms="2" started-at="2020-10-27T08:50:29Z" finished-at="2020-10-27T08:50:29Z">
          <reporter-output>
          </reporter-output>
        </test-method> <!-- setup -->
        <test-method status="PASS" signature="getEmployeeData()[pri:0, instance:com.heroes.testCases.TC_032_CheckGetRequestwithValidIDaddedWithNumber@49993335]" name="getEmployeeData" is-config="true" duration-ms="2017" started-at="2020-10-27T08:50:29Z" finished-at="2020-10-27T08:50:31Z">
          <reporter-output>
          </reporter-output>
        </test-method> <!-- getEmployeeData -->
        <test-method status="PASS" signature="checkContentLength()[pri:0, instance:com.heroes.testCases.TC_032_CheckGetRequestwithValidIDaddedWithNumber@49993335]" name="checkContentLength" duration-ms="0" started-at="2020-10-27T08:50:31Z" finished-at="2020-10-27T08:50:31Z">
          <reporter-output>
          </reporter-output>
        </test-method> <!-- checkContentLength -->
        <test-method status="PASS" signature="checkResponseTime()[pri:0, instance:com.heroes.testCases.TC_032_CheckGetRequestwithValidIDaddedWithNumber@49993335]" name="checkResponseTime" duration-ms="1" started-at="2020-10-27T08:50:31Z" finished-at="2020-10-27T08:50:31Z">
          <reporter-output>
          </reporter-output>
        </test-method> <!-- checkResponseTime -->
        <test-method status="PASS" signature="checkResposeBody()[pri:0, instance:com.heroes.testCases.TC_032_CheckGetRequestwithValidIDaddedWithNumber@49993335]" name="checkResposeBody" duration-ms="2" started-at="2020-10-27T08:50:31Z" finished-at="2020-10-27T08:50:31Z">
          <reporter-output>
          </reporter-output>
        </test-method> <!-- checkResposeBody -->
        <test-method status="PASS" signature="checkStatusCode()[pri:0, instance:com.heroes.testCases.TC_032_CheckGetRequestwithValidIDaddedWithNumber@49993335]" name="checkStatusCode" duration-ms="1" started-at="2020-10-27T08:50:31Z" finished-at="2020-10-27T08:50:31Z">
          <reporter-output>
          </reporter-output>
        </test-method> <!-- checkStatusCode -->
        <test-method status="PASS" signature="checkstatusLine()[pri:0, instance:com.heroes.testCases.TC_032_CheckGetRequestwithValidIDaddedWithNumber@49993335]" name="checkstatusLine" duration-ms="1" started-at="2020-10-27T08:50:31Z" finished-at="2020-10-27T08:50:31Z">
          <reporter-output>
          </reporter-output>
        </test-method> <!-- checkstatusLine -->
        <test-method status="PASS" signature="tearDown()[pri:0, instance:com.heroes.testCases.TC_032_CheckGetRequestwithValidIDaddedWithNumber@49993335]" name="tearDown" is-config="true" duration-ms="0" started-at="2020-10-27T08:50:31Z" finished-at="2020-10-27T08:50:31Z">
          <reporter-output>
          </reporter-output>
        </test-method> <!-- tearDown -->
      </class> <!-- com.heroes.testCases.TC_032_CheckGetRequestwithValidIDaddedWithNumber -->
      <class name="com.heroes.testCases.TC_001_CheckGetAllHeroDetails">
        <test-method status="PASS" signature="setup()[pri:0, instance:com.heroes.testCases.TC_001_CheckGetAllHeroDetails@3f49dace]" name="setup" is-config="true" duration-ms="969" started-at="2020-10-27T08:49:17Z" finished-at="2020-10-27T08:49:18Z">
          <reporter-output>
          </reporter-output>
        </test-method> <!-- setup -->
        <test-method status="PASS" signature="gethsingleHeroData()[pri:0, instance:com.heroes.testCases.TC_001_CheckGetAllHeroDetails@3f49dace]" name="gethsingleHeroData" is-config="true" duration-ms="4012" started-at="2020-10-27T08:49:18Z" finished-at="2020-10-27T08:49:22Z">
          <reporter-output>
          </reporter-output>
        </test-method> <!-- gethsingleHeroData -->
        <test-method status="PASS" signature="checkContentLength()[pri:0, instance:com.heroes.testCases.TC_001_CheckGetAllHeroDetails@3f49dace]" name="checkContentLength" duration-ms="10" started-at="2020-10-27T08:49:22Z" finished-at="2020-10-27T08:49:22Z">
          <reporter-output>
          </reporter-output>
        </test-method> <!-- checkContentLength -->
        <test-method status="PASS" signature="checkContentType()[pri:0, instance:com.heroes.testCases.TC_001_CheckGetAllHeroDetails@3f49dace]" name="checkContentType" duration-ms="1" started-at="2020-10-27T08:49:22Z" finished-at="2020-10-27T08:49:22Z">
          <reporter-output>
          </reporter-output>
        </test-method> <!-- checkContentType -->
        <test-method status="PASS" signature="checkResponseTime()[pri:0, instance:com.heroes.testCases.TC_001_CheckGetAllHeroDetails@3f49dace]" name="checkResponseTime" duration-ms="6" started-at="2020-10-27T08:49:22Z" finished-at="2020-10-27T08:49:22Z">
          <reporter-output>
          </reporter-output>
        </test-method> <!-- checkResponseTime -->
        <test-method status="PASS" signature="checkResposeBody()[pri:0, instance:com.heroes.testCases.TC_001_CheckGetAllHeroDetails@3f49dace]" name="checkResposeBody" duration-ms="2" started-at="2020-10-27T08:49:22Z" finished-at="2020-10-27T08:49:22Z">
          <reporter-output>
          </reporter-output>
        </test-method> <!-- checkResposeBody -->
        <test-method status="PASS" signature="checkStatusCode()[pri:0, instance:com.heroes.testCases.TC_001_CheckGetAllHeroDetails@3f49dace]" name="checkStatusCode" duration-ms="1" started-at="2020-10-27T08:49:22Z" finished-at="2020-10-27T08:49:22Z">
          <reporter-output>
          </reporter-output>
        </test-method> <!-- checkStatusCode -->
        <test-method status="PASS" signature="checkstatusLine()[pri:0, instance:com.heroes.testCases.TC_001_CheckGetAllHeroDetails@3f49dace]" name="checkstatusLine" duration-ms="1" started-at="2020-10-27T08:49:22Z" finished-at="2020-10-27T08:49:22Z">
          <reporter-output>
          </reporter-output>
        </test-method> <!-- checkstatusLine -->
        <test-method status="PASS" signature="tearDown()[pri:0, instance:com.heroes.testCases.TC_001_CheckGetAllHeroDetails@3f49dace]" name="tearDown" is-config="true" duration-ms="2" started-at="2020-10-27T08:49:22Z" finished-at="2020-10-27T08:49:22Z">
          <reporter-output>
          </reporter-output>
        </test-method> <!-- tearDown -->
      </class> <!-- com.heroes.testCases.TC_001_CheckGetAllHeroDetails -->
      <class name="com.heroes.testCases.TC_006_CheckDeleteResetFight">
        <test-method status="PASS" signature="setup()[pri:0, instance:com.heroes.testCases.TC_006_CheckDeleteResetFight@72d818d1]" name="setup" is-config="true" duration-ms="2" started-at="2020-10-27T08:49:31Z" finished-at="2020-10-27T08:49:31Z">
          <reporter-output>
          </reporter-output>
        </test-method> <!-- setup -->
        <test-method status="PASS" signature="CheckDelete()[pri:0, instance:com.heroes.testCases.TC_006_CheckDeleteResetFight@72d818d1]" name="CheckDelete" is-config="true" duration-ms="2059" started-at="2020-10-27T08:49:31Z" finished-at="2020-10-27T08:49:33Z">
          <reporter-output>
          </reporter-output>
        </test-method> <!-- CheckDelete -->
        <test-method status="PASS" signature="checkContentLength()[pri:0, instance:com.heroes.testCases.TC_006_CheckDeleteResetFight@72d818d1]" name="checkContentLength" duration-ms="3" started-at="2020-10-27T08:49:33Z" finished-at="2020-10-27T08:49:33Z">
          <reporter-output>
          </reporter-output>
        </test-method> <!-- checkContentLength -->
        <test-method status="PASS" signature="checkContentType()[pri:0, instance:com.heroes.testCases.TC_006_CheckDeleteResetFight@72d818d1]" name="checkContentType" duration-ms="2" started-at="2020-10-27T08:49:33Z" finished-at="2020-10-27T08:49:33Z">
          <reporter-output>
          </reporter-output>
        </test-method> <!-- checkContentType -->
        <test-method status="PASS" signature="checkResponseTime()[pri:0, instance:com.heroes.testCases.TC_006_CheckDeleteResetFight@72d818d1]" name="checkResponseTime" duration-ms="1" started-at="2020-10-27T08:49:33Z" finished-at="2020-10-27T08:49:33Z">
          <reporter-output>
          </reporter-output>
        </test-method> <!-- checkResponseTime -->
        <test-method status="PASS" signature="checkResposeBody()[pri:0, instance:com.heroes.testCases.TC_006_CheckDeleteResetFight@72d818d1]" name="checkResposeBody" duration-ms="1" started-at="2020-10-27T08:49:33Z" finished-at="2020-10-27T08:49:33Z">
          <reporter-output>
          </reporter-output>
        </test-method> <!-- checkResposeBody -->
        <test-method status="PASS" signature="checkStatusCode()[pri:0, instance:com.heroes.testCases.TC_006_CheckDeleteResetFight@72d818d1]" name="checkStatusCode" duration-ms="4" started-at="2020-10-27T08:49:33Z" finished-at="2020-10-27T08:49:33Z">
          <reporter-output>
          </reporter-output>
        </test-method> <!-- checkStatusCode -->
        <test-method status="PASS" signature="checkstatusLine()[pri:0, instance:com.heroes.testCases.TC_006_CheckDeleteResetFight@72d818d1]" name="checkstatusLine" duration-ms="1" started-at="2020-10-27T08:49:33Z" finished-at="2020-10-27T08:49:33Z">
          <reporter-output>
          </reporter-output>
        </test-method> <!-- checkstatusLine -->
        <test-method status="PASS" signature="tearDown()[pri:0, instance:com.heroes.testCases.TC_006_CheckDeleteResetFight@72d818d1]" name="tearDown" is-config="true" duration-ms="1" started-at="2020-10-27T08:49:33Z" finished-at="2020-10-27T08:49:33Z">
          <reporter-output>
          </reporter-output>
        </test-method> <!-- tearDown -->
      </class> <!-- com.heroes.testCases.TC_006_CheckDeleteResetFight -->
      <class name="com.heroes.testCases.TC_007_CheckFightWithoutAddingHeroes">
        <test-method status="PASS" signature="setup()[pri:0, instance:com.heroes.testCases.TC_007_CheckFightWithoutAddingHeroes@6e06451e]" name="setup" is-config="true" duration-ms="3" started-at="2020-10-27T08:49:33Z" finished-at="2020-10-27T08:49:33Z">
          <reporter-output>
          </reporter-output>
        </test-method> <!-- setup -->
        <test-method status="PASS" signature="CheckFightWithoutHeroes()[pri:0, instance:com.heroes.testCases.TC_007_CheckFightWithoutAddingHeroes@6e06451e]" name="CheckFightWithoutHeroes" is-config="true" duration-ms="2056" started-at="2020-10-27T08:49:33Z" finished-at="2020-10-27T08:49:35Z">
          <reporter-output>
          </reporter-output>
        </test-method> <!-- CheckFightWithoutHeroes -->
        <test-method status="PASS" signature="checkContentLength()[pri:0, instance:com.heroes.testCases.TC_007_CheckFightWithoutAddingHeroes@6e06451e]" name="checkContentLength" duration-ms="1" started-at="2020-10-27T08:49:35Z" finished-at="2020-10-27T08:49:35Z">
          <reporter-output>
          </reporter-output>
        </test-method> <!-- checkContentLength -->
        <test-method status="PASS" signature="checkContentType()[pri:0, instance:com.heroes.testCases.TC_007_CheckFightWithoutAddingHeroes@6e06451e]" name="checkContentType" duration-ms="1" started-at="2020-10-27T08:49:35Z" finished-at="2020-10-27T08:49:35Z">
          <reporter-output>
          </reporter-output>
        </test-method> <!-- checkContentType -->
        <test-method status="PASS" signature="checkResponseTime()[pri:0, instance:com.heroes.testCases.TC_007_CheckFightWithoutAddingHeroes@6e06451e]" name="checkResponseTime" duration-ms="2" started-at="2020-10-27T08:49:35Z" finished-at="2020-10-27T08:49:35Z">
          <reporter-output>
          </reporter-output>
        </test-method> <!-- checkResponseTime -->
        <test-method status="PASS" signature="checkResposeBody()[pri:0, instance:com.heroes.testCases.TC_007_CheckFightWithoutAddingHeroes@6e06451e]" name="checkResposeBody" duration-ms="2" started-at="2020-10-27T08:49:35Z" finished-at="2020-10-27T08:49:35Z">
          <reporter-output>
          </reporter-output>
        </test-method> <!-- checkResposeBody -->
        <test-method status="PASS" signature="checkStatusCode()[pri:0, instance:com.heroes.testCases.TC_007_CheckFightWithoutAddingHeroes@6e06451e]" name="checkStatusCode" duration-ms="8" started-at="2020-10-27T08:49:35Z" finished-at="2020-10-27T08:49:35Z">
          <reporter-output>
          </reporter-output>
        </test-method> <!-- checkStatusCode -->
        <test-method status="PASS" signature="checkstatusLine()[pri:0, instance:com.heroes.testCases.TC_007_CheckFightWithoutAddingHeroes@6e06451e]" name="checkstatusLine" duration-ms="0" started-at="2020-10-27T08:49:35Z" finished-at="2020-10-27T08:49:35Z">
          <reporter-output>
          </reporter-output>
        </test-method> <!-- checkstatusLine -->
        <test-method status="PASS" signature="tearDown()[pri:0, instance:com.heroes.testCases.TC_007_CheckFightWithoutAddingHeroes@6e06451e]" name="tearDown" is-config="true" duration-ms="1" started-at="2020-10-27T08:49:35Z" finished-at="2020-10-27T08:49:35Z">
          <reporter-output>
          </reporter-output>
        </test-method> <!-- tearDown -->
      </class> <!-- com.heroes.testCases.TC_007_CheckFightWithoutAddingHeroes -->
      <class name="com.heroes.testCases.TC_025_CheckSuccessMessageAfterAddingThreeHeroes">
        <test-method status="PASS" signature="setup()[pri:0, instance:com.heroes.testCases.TC_025_CheckSuccessMessageAfterAddingThreeHeroes@5649fd9b]" name="setup" is-config="true" duration-ms="2" started-at="2020-10-27T08:50:16Z" finished-at="2020-10-27T08:50:16Z">
          <reporter-output>
          </reporter-output>
        </test-method> <!-- setup -->
        <test-method status="PASS" signature="CheckMessageForThree()[pri:0, instance:com.heroes.testCases.TC_025_CheckSuccessMessageAfterAddingThreeHeroes@5649fd9b]" name="CheckMessageForThree" is-config="true" duration-ms="2063" started-at="2020-10-27T08:50:16Z" finished-at="2020-10-27T08:50:18Z">
          <reporter-output>
          </reporter-output>
        </test-method> <!-- CheckMessageForThree -->
        <test-method status="PASS" signature="checkContentLength()[pri:0, instance:com.heroes.testCases.TC_025_CheckSuccessMessageAfterAddingThreeHeroes@5649fd9b]" name="checkContentLength" duration-ms="1" started-at="2020-10-27T08:50:18Z" finished-at="2020-10-27T08:50:18Z">
          <reporter-output>
          </reporter-output>
        </test-method> <!-- checkContentLength -->
        <test-method status="PASS" signature="checkResponseTime()[pri:0, instance:com.heroes.testCases.TC_025_CheckSuccessMessageAfterAddingThreeHeroes@5649fd9b]" name="checkResponseTime" duration-ms="1" started-at="2020-10-27T08:50:18Z" finished-at="2020-10-27T08:50:18Z">
          <reporter-output>
          </reporter-output>
        </test-method> <!-- checkResponseTime -->
        <test-method status="PASS" signature="checkResposeBody()[pri:0, instance:com.heroes.testCases.TC_025_CheckSuccessMessageAfterAddingThreeHeroes@5649fd9b]" name="checkResposeBody" duration-ms="1" started-at="2020-10-27T08:50:18Z" finished-at="2020-10-27T08:50:18Z">
          <reporter-output>
          </reporter-output>
        </test-method> <!-- checkResposeBody -->
        <test-method status="PASS" signature="checkStatusCode()[pri:0, instance:com.heroes.testCases.TC_025_CheckSuccessMessageAfterAddingThreeHeroes@5649fd9b]" name="checkStatusCode" duration-ms="0" started-at="2020-10-27T08:50:18Z" finished-at="2020-10-27T08:50:18Z">
          <reporter-output>
          </reporter-output>
        </test-method> <!-- checkStatusCode -->
        <test-method status="PASS" signature="checkstatusLine()[pri:0, instance:com.heroes.testCases.TC_025_CheckSuccessMessageAfterAddingThreeHeroes@5649fd9b]" name="checkstatusLine" duration-ms="1" started-at="2020-10-27T08:50:18Z" finished-at="2020-10-27T08:50:18Z">
          <reporter-output>
          </reporter-output>
        </test-method> <!-- checkstatusLine -->
        <test-method status="PASS" signature="tearDown()[pri:0, instance:com.heroes.testCases.TC_025_CheckSuccessMessageAfterAddingThreeHeroes@5649fd9b]" name="tearDown" is-config="true" duration-ms="1" started-at="2020-10-27T08:50:18Z" finished-at="2020-10-27T08:50:18Z">
          <reporter-output>
          </reporter-output>
        </test-method> <!-- tearDown -->
      </class> <!-- com.heroes.testCases.TC_025_CheckSuccessMessageAfterAddingThreeHeroes -->
      <class name="com.heroes.testCases.TC_013_CheckAddingTwoHeroesInRandomPowerLevel">
        <test-method status="PASS" signature="setup()[pri:0, instance:com.heroes.testCases.TC_013_CheckAddingTwoHeroesInRandomPowerLevel@56ef9176]" name="setup" is-config="true" duration-ms="2" started-at="2020-10-27T08:49:46Z" finished-at="2020-10-27T08:49:46Z">
          <reporter-output>
          </reporter-output>
        </test-method> <!-- setup -->
        <test-method status="PASS" signature="CheckRandomAddition()[pri:0, instance:com.heroes.testCases.TC_013_CheckAddingTwoHeroesInRandomPowerLevel@56ef9176]" name="CheckRandomAddition" is-config="true" duration-ms="2055" started-at="2020-10-27T08:49:46Z" finished-at="2020-10-27T08:49:48Z">
          <reporter-output>
          </reporter-output>
        </test-method> <!-- CheckRandomAddition -->
        <test-method status="PASS" signature="checkContentLength()[pri:0, instance:com.heroes.testCases.TC_013_CheckAddingTwoHeroesInRandomPowerLevel@56ef9176]" name="checkContentLength" duration-ms="1" started-at="2020-10-27T08:49:48Z" finished-at="2020-10-27T08:49:48Z">
          <reporter-output>
          </reporter-output>
        </test-method> <!-- checkContentLength -->
        <test-method status="PASS" signature="checkContentType()[pri:0, instance:com.heroes.testCases.TC_013_CheckAddingTwoHeroesInRandomPowerLevel@56ef9176]" name="checkContentType" duration-ms="1" started-at="2020-10-27T08:49:48Z" finished-at="2020-10-27T08:49:48Z">
          <reporter-output>
          </reporter-output>
        </test-method> <!-- checkContentType -->
        <test-method status="PASS" signature="checkResponseTime()[pri:0, instance:com.heroes.testCases.TC_013_CheckAddingTwoHeroesInRandomPowerLevel@56ef9176]" name="checkResponseTime" duration-ms="1" started-at="2020-10-27T08:49:48Z" finished-at="2020-10-27T08:49:48Z">
          <reporter-output>
          </reporter-output>
        </test-method> <!-- checkResponseTime -->
        <test-method status="PASS" signature="checkResposeBody()[pri:0, instance:com.heroes.testCases.TC_013_CheckAddingTwoHeroesInRandomPowerLevel@56ef9176]" name="checkResposeBody" duration-ms="5" started-at="2020-10-27T08:49:48Z" finished-at="2020-10-27T08:49:48Z">
          <reporter-output>
          </reporter-output>
        </test-method> <!-- checkResposeBody -->
        <test-method status="PASS" signature="checkStatusCode()[pri:0, instance:com.heroes.testCases.TC_013_CheckAddingTwoHeroesInRandomPowerLevel@56ef9176]" name="checkStatusCode" duration-ms="1" started-at="2020-10-27T08:49:48Z" finished-at="2020-10-27T08:49:48Z">
          <reporter-output>
          </reporter-output>
        </test-method> <!-- checkStatusCode -->
        <test-method status="PASS" signature="checkstatusLine()[pri:0, instance:com.heroes.testCases.TC_013_CheckAddingTwoHeroesInRandomPowerLevel@56ef9176]" name="checkstatusLine" duration-ms="1" started-at="2020-10-27T08:49:48Z" finished-at="2020-10-27T08:49:48Z">
          <reporter-output>
          </reporter-output>
        </test-method> <!-- checkstatusLine -->
        <test-method status="PASS" signature="tearDown()[pri:0, instance:com.heroes.testCases.TC_013_CheckAddingTwoHeroesInRandomPowerLevel@56ef9176]" name="tearDown" is-config="true" duration-ms="1" started-at="2020-10-27T08:49:48Z" finished-at="2020-10-27T08:49:48Z">
          <reporter-output>
          </reporter-output>
        </test-method> <!-- tearDown -->
      </class> <!-- com.heroes.testCases.TC_013_CheckAddingTwoHeroesInRandomPowerLevel -->
      <class name="com.heroes.testCases.TC_017_CheckAddingFourHeroes">
        <test-method status="PASS" signature="setup()[pri:0, instance:com.heroes.testCases.TC_017_CheckAddingFourHeroes@25bbe1b6]" name="setup" is-config="true" duration-ms="4" started-at="2020-10-27T08:49:54Z" finished-at="2020-10-27T08:49:54Z">
          <reporter-output>
          </reporter-output>
        </test-method> <!-- setup -->
        <test-method status="PASS" signature="CheckAddFourHero()[pri:0, instance:com.heroes.testCases.TC_017_CheckAddingFourHeroes@25bbe1b6]" name="CheckAddFourHero" is-config="true" duration-ms="2082" started-at="2020-10-27T08:49:54Z" finished-at="2020-10-27T08:49:56Z">
          <reporter-output>
          </reporter-output>
        </test-method> <!-- CheckAddFourHero -->
        <test-method status="PASS" signature="checkContentLength()[pri:0, instance:com.heroes.testCases.TC_017_CheckAddingFourHeroes@25bbe1b6]" name="checkContentLength" duration-ms="1" started-at="2020-10-27T08:49:56Z" finished-at="2020-10-27T08:49:56Z">
          <reporter-output>
          </reporter-output>
        </test-method> <!-- checkContentLength -->
        <test-method status="PASS" signature="checkContentType()[pri:0, instance:com.heroes.testCases.TC_017_CheckAddingFourHeroes@25bbe1b6]" name="checkContentType" duration-ms="0" started-at="2020-10-27T08:49:56Z" finished-at="2020-10-27T08:49:56Z">
          <reporter-output>
          </reporter-output>
        </test-method> <!-- checkContentType -->
        <test-method status="PASS" signature="checkResponseTime()[pri:0, instance:com.heroes.testCases.TC_017_CheckAddingFourHeroes@25bbe1b6]" name="checkResponseTime" duration-ms="1" started-at="2020-10-27T08:49:56Z" finished-at="2020-10-27T08:49:56Z">
          <reporter-output>
          </reporter-output>
        </test-method> <!-- checkResponseTime -->
        <test-method status="PASS" signature="checkResposeBody()[pri:0, instance:com.heroes.testCases.TC_017_CheckAddingFourHeroes@25bbe1b6]" name="checkResposeBody" duration-ms="1" started-at="2020-10-27T08:49:56Z" finished-at="2020-10-27T08:49:56Z">
          <reporter-output>
          </reporter-output>
        </test-method> <!-- checkResposeBody -->
        <test-method status="PASS" signature="checkStatusCode()[pri:0, instance:com.heroes.testCases.TC_017_CheckAddingFourHeroes@25bbe1b6]" name="checkStatusCode" duration-ms="0" started-at="2020-10-27T08:49:56Z" finished-at="2020-10-27T08:49:56Z">
          <reporter-output>
          </reporter-output>
        </test-method> <!-- checkStatusCode -->
        <test-method status="PASS" signature="checkstatusLine()[pri:0, instance:com.heroes.testCases.TC_017_CheckAddingFourHeroes@25bbe1b6]" name="checkstatusLine" duration-ms="0" started-at="2020-10-27T08:49:56Z" finished-at="2020-10-27T08:49:56Z">
          <reporter-output>
          </reporter-output>
        </test-method> <!-- checkstatusLine -->
        <test-method status="PASS" signature="tearDown()[pri:0, instance:com.heroes.testCases.TC_017_CheckAddingFourHeroes@25bbe1b6]" name="tearDown" is-config="true" duration-ms="0" started-at="2020-10-27T08:49:56Z" finished-at="2020-10-27T08:49:56Z">
          <reporter-output>
          </reporter-output>
        </test-method> <!-- tearDown -->
      </class> <!-- com.heroes.testCases.TC_017_CheckAddingFourHeroes -->
      <class name="com.heroes.testCases.TC_005_CheckPostRequestMakeThemFight">
        <test-method status="PASS" signature="setup()[pri:0, instance:com.heroes.testCases.TC_005_CheckPostRequestMakeThemFight@27c20538]" name="setup" is-config="true" duration-ms="3" started-at="2020-10-27T08:49:29Z" finished-at="2020-10-27T08:49:29Z">
          <reporter-output>
          </reporter-output>
        </test-method> <!-- setup -->
        <test-method status="PASS" signature="CheckPostFight()[pri:0, instance:com.heroes.testCases.TC_005_CheckPostRequestMakeThemFight@27c20538]" name="CheckPostFight" is-config="true" duration-ms="2056" started-at="2020-10-27T08:49:29Z" finished-at="2020-10-27T08:49:31Z">
          <reporter-output>
          </reporter-output>
        </test-method> <!-- CheckPostFight -->
        <test-method status="PASS" signature="checkContentLength()[pri:0, instance:com.heroes.testCases.TC_005_CheckPostRequestMakeThemFight@27c20538]" name="checkContentLength" duration-ms="1" started-at="2020-10-27T08:49:31Z" finished-at="2020-10-27T08:49:31Z">
          <reporter-output>
          </reporter-output>
        </test-method> <!-- checkContentLength -->
        <test-method status="PASS" signature="checkContentType()[pri:0, instance:com.heroes.testCases.TC_005_CheckPostRequestMakeThemFight@27c20538]" name="checkContentType" duration-ms="1" started-at="2020-10-27T08:49:31Z" finished-at="2020-10-27T08:49:31Z">
          <reporter-output>
          </reporter-output>
        </test-method> <!-- checkContentType -->
        <test-method status="PASS" signature="checkResponseTime()[pri:0, instance:com.heroes.testCases.TC_005_CheckPostRequestMakeThemFight@27c20538]" name="checkResponseTime" duration-ms="1" started-at="2020-10-27T08:49:31Z" finished-at="2020-10-27T08:49:31Z">
          <reporter-output>
          </reporter-output>
        </test-method> <!-- checkResponseTime -->
        <test-method status="PASS" signature="checkResposeBody()[pri:0, instance:com.heroes.testCases.TC_005_CheckPostRequestMakeThemFight@27c20538]" name="checkResposeBody" duration-ms="2" started-at="2020-10-27T08:49:31Z" finished-at="2020-10-27T08:49:31Z">
          <reporter-output>
          </reporter-output>
        </test-method> <!-- checkResposeBody -->
        <test-method status="PASS" signature="checkStatusCode()[pri:0, instance:com.heroes.testCases.TC_005_CheckPostRequestMakeThemFight@27c20538]" name="checkStatusCode" duration-ms="1" started-at="2020-10-27T08:49:31Z" finished-at="2020-10-27T08:49:31Z">
          <reporter-output>
          </reporter-output>
        </test-method> <!-- checkStatusCode -->
        <test-method status="PASS" signature="checkstatusLine()[pri:0, instance:com.heroes.testCases.TC_005_CheckPostRequestMakeThemFight@27c20538]" name="checkstatusLine" duration-ms="5" started-at="2020-10-27T08:49:31Z" finished-at="2020-10-27T08:49:31Z">
          <reporter-output>
          </reporter-output>
        </test-method> <!-- checkstatusLine -->
        <test-method status="PASS" signature="tearDown()[pri:0, instance:com.heroes.testCases.TC_005_CheckPostRequestMakeThemFight@27c20538]" name="tearDown" is-config="true" duration-ms="3" started-at="2020-10-27T08:49:31Z" finished-at="2020-10-27T08:49:31Z">
          <reporter-output>
          </reporter-output>
        </test-method> <!-- tearDown -->
      </class> <!-- com.heroes.testCases.TC_005_CheckPostRequestMakeThemFight -->
      <class name="com.heroes.testCases.TC_029_CheckFIghtBetweemThreeHeroesInASCPowerLevel">
        <test-method status="PASS" signature="setup()[pri:0, instance:com.heroes.testCases.TC_029_CheckFIghtBetweemThreeHeroesInASCPowerLevel@5025a98f]" name="setup" is-config="true" duration-ms="2" started-at="2020-10-27T08:50:22Z" finished-at="2020-10-27T08:50:22Z">
          <reporter-output>
          </reporter-output>
        </test-method> <!-- setup -->
        <test-method status="PASS" signature="CheckFightAsc()[pri:0, instance:com.heroes.testCases.TC_029_CheckFIghtBetweemThreeHeroesInASCPowerLevel@5025a98f]" name="CheckFightAsc" is-config="true" duration-ms="7090" started-at="2020-10-27T08:50:22Z" finished-at="2020-10-27T08:50:29Z">
          <reporter-output>
          </reporter-output>
        </test-method> <!-- CheckFightAsc -->
        <test-method status="PASS" signature="checkContentLength()[pri:0, instance:com.heroes.testCases.TC_029_CheckFIghtBetweemThreeHeroesInASCPowerLevel@5025a98f]" name="checkContentLength" duration-ms="0" started-at="2020-10-27T08:50:29Z" finished-at="2020-10-27T08:50:29Z">
          <reporter-output>
          </reporter-output>
        </test-method> <!-- checkContentLength -->
        <test-method status="PASS" signature="checkContentType()[pri:0, instance:com.heroes.testCases.TC_029_CheckFIghtBetweemThreeHeroesInASCPowerLevel@5025a98f]" name="checkContentType" duration-ms="2" started-at="2020-10-27T08:50:29Z" finished-at="2020-10-27T08:50:29Z">
          <reporter-output>
          </reporter-output>
        </test-method> <!-- checkContentType -->
        <test-method status="PASS" signature="checkResponseTime()[pri:0, instance:com.heroes.testCases.TC_029_CheckFIghtBetweemThreeHeroesInASCPowerLevel@5025a98f]" name="checkResponseTime" duration-ms="1" started-at="2020-10-27T08:50:29Z" finished-at="2020-10-27T08:50:29Z">
          <reporter-output>
          </reporter-output>
        </test-method> <!-- checkResponseTime -->
        <test-method status="PASS" signature="checkResposeBody()[pri:0, instance:com.heroes.testCases.TC_029_CheckFIghtBetweemThreeHeroesInASCPowerLevel@5025a98f]" name="checkResposeBody" duration-ms="1" started-at="2020-10-27T08:50:29Z" finished-at="2020-10-27T08:50:29Z">
          <reporter-output>
          </reporter-output>
        </test-method> <!-- checkResposeBody -->
        <test-method status="PASS" signature="checkStatusCode()[pri:0, instance:com.heroes.testCases.TC_029_CheckFIghtBetweemThreeHeroesInASCPowerLevel@5025a98f]" name="checkStatusCode" duration-ms="2" started-at="2020-10-27T08:50:29Z" finished-at="2020-10-27T08:50:29Z">
          <reporter-output>
          </reporter-output>
        </test-method> <!-- checkStatusCode -->
        <test-method status="PASS" signature="checkstatusLine()[pri:0, instance:com.heroes.testCases.TC_029_CheckFIghtBetweemThreeHeroesInASCPowerLevel@5025a98f]" name="checkstatusLine" duration-ms="1" started-at="2020-10-27T08:50:29Z" finished-at="2020-10-27T08:50:29Z">
          <reporter-output>
          </reporter-output>
        </test-method> <!-- checkstatusLine -->
        <test-method status="PASS" signature="tearDown()[pri:0, instance:com.heroes.testCases.TC_029_CheckFIghtBetweemThreeHeroesInASCPowerLevel@5025a98f]" name="tearDown" is-config="true" duration-ms="1" started-at="2020-10-27T08:50:29Z" finished-at="2020-10-27T08:50:29Z">
          <reporter-output>
          </reporter-output>
        </test-method> <!-- tearDown -->
      </class> <!-- com.heroes.testCases.TC_029_CheckFIghtBetweemThreeHeroesInASCPowerLevel -->
      <class name="com.heroes.testCases.TC_033_CheckPostRequestWithValidIdaddedWithNumber">
        <test-method status="PASS" signature="setup()[pri:0, instance:com.heroes.testCases.TC_033_CheckPostRequestWithValidIdaddedWithNumber@20322d26]" name="setup" is-config="true" duration-ms="3" started-at="2020-10-27T08:50:31Z" finished-at="2020-10-27T08:50:31Z">
          <reporter-output>
          </reporter-output>
        </test-method> <!-- setup -->
        <test-method status="PASS" signature="CheckPostSecondHero()[pri:0, instance:com.heroes.testCases.TC_033_CheckPostRequestWithValidIdaddedWithNumber@20322d26]" name="CheckPostSecondHero" is-config="true" duration-ms="7034" started-at="2020-10-27T08:50:31Z" finished-at="2020-10-27T08:50:38Z">
          <reporter-output>
          </reporter-output>
        </test-method> <!-- CheckPostSecondHero -->
        <test-method status="PASS" signature="checkContentLength()[pri:0, instance:com.heroes.testCases.TC_033_CheckPostRequestWithValidIdaddedWithNumber@20322d26]" name="checkContentLength" duration-ms="1" started-at="2020-10-27T08:50:38Z" finished-at="2020-10-27T08:50:38Z">
          <reporter-output>
          </reporter-output>
        </test-method> <!-- checkContentLength -->
        <test-method status="PASS" signature="checkContentType()[pri:0, instance:com.heroes.testCases.TC_033_CheckPostRequestWithValidIdaddedWithNumber@20322d26]" name="checkContentType" duration-ms="1" started-at="2020-10-27T08:50:38Z" finished-at="2020-10-27T08:50:38Z">
          <reporter-output>
          </reporter-output>
        </test-method> <!-- checkContentType -->
        <test-method status="PASS" signature="checkResponseTime()[pri:0, instance:com.heroes.testCases.TC_033_CheckPostRequestWithValidIdaddedWithNumber@20322d26]" name="checkResponseTime" duration-ms="0" started-at="2020-10-27T08:50:38Z" finished-at="2020-10-27T08:50:38Z">
          <reporter-output>
          </reporter-output>
        </test-method> <!-- checkResponseTime -->
        <test-method status="PASS" signature="checkResposeBody()[pri:0, instance:com.heroes.testCases.TC_033_CheckPostRequestWithValidIdaddedWithNumber@20322d26]" name="checkResposeBody" duration-ms="1" started-at="2020-10-27T08:50:38Z" finished-at="2020-10-27T08:50:38Z">
          <reporter-output>
          </reporter-output>
        </test-method> <!-- checkResposeBody -->
        <test-method status="PASS" signature="checkStatusCode()[pri:0, instance:com.heroes.testCases.TC_033_CheckPostRequestWithValidIdaddedWithNumber@20322d26]" name="checkStatusCode" duration-ms="0" started-at="2020-10-27T08:50:38Z" finished-at="2020-10-27T08:50:38Z">
          <reporter-output>
          </reporter-output>
        </test-method> <!-- checkStatusCode -->
        <test-method status="PASS" signature="checkstatusLine()[pri:0, instance:com.heroes.testCases.TC_033_CheckPostRequestWithValidIdaddedWithNumber@20322d26]" name="checkstatusLine" duration-ms="0" started-at="2020-10-27T08:50:38Z" finished-at="2020-10-27T08:50:38Z">
          <reporter-output>
          </reporter-output>
        </test-method> <!-- checkstatusLine -->
        <test-method status="PASS" signature="tearDown()[pri:0, instance:com.heroes.testCases.TC_033_CheckPostRequestWithValidIdaddedWithNumber@20322d26]" name="tearDown" is-config="true" duration-ms="1" started-at="2020-10-27T08:50:38Z" finished-at="2020-10-27T08:50:38Z">
          <reporter-output>
          </reporter-output>
        </test-method> <!-- tearDown -->
      </class> <!-- com.heroes.testCases.TC_033_CheckPostRequestWithValidIdaddedWithNumber -->
      <class name="com.heroes.testCases.TC_015_CheckAddingThreeHeroesInDescPowerLevel">
        <test-method status="PASS" signature="setup()[pri:0, instance:com.heroes.testCases.TC_015_CheckAddingThreeHeroesInDescPowerLevel@1ed4004b]" name="setup" is-config="true" duration-ms="2" started-at="2020-10-27T08:49:50Z" finished-at="2020-10-27T08:49:50Z">
          <reporter-output>
          </reporter-output>
        </test-method> <!-- setup -->
        <test-method status="PASS" signature="CheckAddinDesc()[pri:0, instance:com.heroes.testCases.TC_015_CheckAddingThreeHeroesInDescPowerLevel@1ed4004b]" name="CheckAddinDesc" is-config="true" duration-ms="2075" started-at="2020-10-27T08:49:50Z" finished-at="2020-10-27T08:49:52Z">
          <reporter-output>
          </reporter-output>
        </test-method> <!-- CheckAddinDesc -->
        <test-method status="PASS" signature="checkContentLength()[pri:0, instance:com.heroes.testCases.TC_015_CheckAddingThreeHeroesInDescPowerLevel@1ed4004b]" name="checkContentLength" duration-ms="1" started-at="2020-10-27T08:49:52Z" finished-at="2020-10-27T08:49:52Z">
          <reporter-output>
          </reporter-output>
        </test-method> <!-- checkContentLength -->
        <test-method status="PASS" signature="checkContentType()[pri:0, instance:com.heroes.testCases.TC_015_CheckAddingThreeHeroesInDescPowerLevel@1ed4004b]" name="checkContentType" duration-ms="1" started-at="2020-10-27T08:49:52Z" finished-at="2020-10-27T08:49:52Z">
          <reporter-output>
          </reporter-output>
        </test-method> <!-- checkContentType -->
        <test-method status="PASS" signature="checkResponseTime()[pri:0, instance:com.heroes.testCases.TC_015_CheckAddingThreeHeroesInDescPowerLevel@1ed4004b]" name="checkResponseTime" duration-ms="0" started-at="2020-10-27T08:49:52Z" finished-at="2020-10-27T08:49:52Z">
          <reporter-output>
          </reporter-output>
        </test-method> <!-- checkResponseTime -->
        <test-method status="PASS" signature="checkResposeBody()[pri:0, instance:com.heroes.testCases.TC_015_CheckAddingThreeHeroesInDescPowerLevel@1ed4004b]" name="checkResposeBody" duration-ms="1" started-at="2020-10-27T08:49:52Z" finished-at="2020-10-27T08:49:52Z">
          <reporter-output>
          </reporter-output>
        </test-method> <!-- checkResposeBody -->
        <test-method status="PASS" signature="checkStatusCode()[pri:0, instance:com.heroes.testCases.TC_015_CheckAddingThreeHeroesInDescPowerLevel@1ed4004b]" name="checkStatusCode" duration-ms="1" started-at="2020-10-27T08:49:52Z" finished-at="2020-10-27T08:49:52Z">
          <reporter-output>
          </reporter-output>
        </test-method> <!-- checkStatusCode -->
        <test-method status="PASS" signature="checkstatusLine()[pri:0, instance:com.heroes.testCases.TC_015_CheckAddingThreeHeroesInDescPowerLevel@1ed4004b]" name="checkstatusLine" duration-ms="1" started-at="2020-10-27T08:49:52Z" finished-at="2020-10-27T08:49:52Z">
          <reporter-output>
          </reporter-output>
        </test-method> <!-- checkstatusLine -->
        <test-method status="PASS" signature="tearDown()[pri:0, instance:com.heroes.testCases.TC_015_CheckAddingThreeHeroesInDescPowerLevel@1ed4004b]" name="tearDown" is-config="true" duration-ms="1" started-at="2020-10-27T08:49:52Z" finished-at="2020-10-27T08:49:52Z">
          <reporter-output>
          </reporter-output>
        </test-method> <!-- tearDown -->
      </class> <!-- com.heroes.testCases.TC_015_CheckAddingThreeHeroesInDescPowerLevel -->
      <class name="com.heroes.testCases.TC_009_CheckAddingThreeHeroes">
        <test-method status="PASS" signature="setup()[pri:0, instance:com.heroes.testCases.TC_009_CheckAddingThreeHeroes@6e1567f1]" name="setup" is-config="true" duration-ms="3" started-at="2020-10-27T08:49:37Z" finished-at="2020-10-27T08:49:37Z">
          <reporter-output>
          </reporter-output>
        </test-method> <!-- setup -->
        <test-method status="PASS" signature="CheckAddThreeHeroes()[pri:0, instance:com.heroes.testCases.TC_009_CheckAddingThreeHeroes@6e1567f1]" name="CheckAddThreeHeroes" is-config="true" duration-ms="2135" started-at="2020-10-27T08:49:37Z" finished-at="2020-10-27T08:49:39Z">
          <reporter-output>
          </reporter-output>
        </test-method> <!-- CheckAddThreeHeroes -->
        <test-method status="PASS" signature="checkContentLength()[pri:0, instance:com.heroes.testCases.TC_009_CheckAddingThreeHeroes@6e1567f1]" name="checkContentLength" duration-ms="1" started-at="2020-10-27T08:49:39Z" finished-at="2020-10-27T08:49:39Z">
          <reporter-output>
          </reporter-output>
        </test-method> <!-- checkContentLength -->
        <test-method status="PASS" signature="checkContentType()[pri:0, instance:com.heroes.testCases.TC_009_CheckAddingThreeHeroes@6e1567f1]" name="checkContentType" duration-ms="1" started-at="2020-10-27T08:49:39Z" finished-at="2020-10-27T08:49:39Z">
          <reporter-output>
          </reporter-output>
        </test-method> <!-- checkContentType -->
        <test-method status="PASS" signature="checkResponseTime()[pri:0, instance:com.heroes.testCases.TC_009_CheckAddingThreeHeroes@6e1567f1]" name="checkResponseTime" duration-ms="1" started-at="2020-10-27T08:49:39Z" finished-at="2020-10-27T08:49:39Z">
          <reporter-output>
          </reporter-output>
        </test-method> <!-- checkResponseTime -->
        <test-method status="PASS" signature="checkResposeBody()[pri:0, instance:com.heroes.testCases.TC_009_CheckAddingThreeHeroes@6e1567f1]" name="checkResposeBody" duration-ms="2" started-at="2020-10-27T08:49:39Z" finished-at="2020-10-27T08:49:39Z">
          <reporter-output>
          </reporter-output>
        </test-method> <!-- checkResposeBody -->
        <test-method status="PASS" signature="checkStatusCode()[pri:0, instance:com.heroes.testCases.TC_009_CheckAddingThreeHeroes@6e1567f1]" name="checkStatusCode" duration-ms="0" started-at="2020-10-27T08:49:39Z" finished-at="2020-10-27T08:49:39Z">
          <reporter-output>
          </reporter-output>
        </test-method> <!-- checkStatusCode -->
        <test-method status="PASS" signature="checkstatusLine()[pri:0, instance:com.heroes.testCases.TC_009_CheckAddingThreeHeroes@6e1567f1]" name="checkstatusLine" duration-ms="2" started-at="2020-10-27T08:49:39Z" finished-at="2020-10-27T08:49:39Z">
          <reporter-output>
          </reporter-output>
        </test-method> <!-- checkstatusLine -->
        <test-method status="PASS" signature="tearDown()[pri:0, instance:com.heroes.testCases.TC_009_CheckAddingThreeHeroes@6e1567f1]" name="tearDown" is-config="true" duration-ms="2" started-at="2020-10-27T08:49:39Z" finished-at="2020-10-27T08:49:39Z">
          <reporter-output>
          </reporter-output>
        </test-method> <!-- tearDown -->
      </class> <!-- com.heroes.testCases.TC_009_CheckAddingThreeHeroes -->
      <class name="com.heroes.testCases.TC_008_CheckFightWithAddingOneHero">
        <test-method status="PASS" signature="setup()[pri:0, instance:com.heroes.testCases.TC_008_CheckFightWithAddingOneHero@59494225]" name="setup" is-config="true" duration-ms="5" started-at="2020-10-27T08:49:35Z" finished-at="2020-10-27T08:49:35Z">
          <reporter-output>
          </reporter-output>
        </test-method> <!-- setup -->
        <test-method status="PASS" signature="CHeckFightOneHero()[pri:0, instance:com.heroes.testCases.TC_008_CheckFightWithAddingOneHero@59494225]" name="CHeckFightOneHero" is-config="true" duration-ms="2118" started-at="2020-10-27T08:49:35Z" finished-at="2020-10-27T08:49:37Z">
          <reporter-output>
          </reporter-output>
        </test-method> <!-- CHeckFightOneHero -->
        <test-method status="PASS" signature="checkContentLength()[pri:0, instance:com.heroes.testCases.TC_008_CheckFightWithAddingOneHero@59494225]" name="checkContentLength" duration-ms="1" started-at="2020-10-27T08:49:37Z" finished-at="2020-10-27T08:49:37Z">
          <reporter-output>
          </reporter-output>
        </test-method> <!-- checkContentLength -->
        <test-method status="PASS" signature="checkContentType()[pri:0, instance:com.heroes.testCases.TC_008_CheckFightWithAddingOneHero@59494225]" name="checkContentType" duration-ms="4" started-at="2020-10-27T08:49:37Z" finished-at="2020-10-27T08:49:37Z">
          <reporter-output>
          </reporter-output>
        </test-method> <!-- checkContentType -->
        <test-method status="PASS" signature="checkResponseTime()[pri:0, instance:com.heroes.testCases.TC_008_CheckFightWithAddingOneHero@59494225]" name="checkResponseTime" duration-ms="0" started-at="2020-10-27T08:49:37Z" finished-at="2020-10-27T08:49:37Z">
          <reporter-output>
          </reporter-output>
        </test-method> <!-- checkResponseTime -->
        <test-method status="PASS" signature="checkResposeBody()[pri:0, instance:com.heroes.testCases.TC_008_CheckFightWithAddingOneHero@59494225]" name="checkResposeBody" duration-ms="3" started-at="2020-10-27T08:49:37Z" finished-at="2020-10-27T08:49:37Z">
          <reporter-output>
          </reporter-output>
        </test-method> <!-- checkResposeBody -->
        <test-method status="PASS" signature="checkStatusCode()[pri:0, instance:com.heroes.testCases.TC_008_CheckFightWithAddingOneHero@59494225]" name="checkStatusCode" duration-ms="1" started-at="2020-10-27T08:49:37Z" finished-at="2020-10-27T08:49:37Z">
          <reporter-output>
          </reporter-output>
        </test-method> <!-- checkStatusCode -->
        <test-method status="PASS" signature="checkstatusLine()[pri:0, instance:com.heroes.testCases.TC_008_CheckFightWithAddingOneHero@59494225]" name="checkstatusLine" duration-ms="1" started-at="2020-10-27T08:49:37Z" finished-at="2020-10-27T08:49:37Z">
          <reporter-output>
          </reporter-output>
        </test-method> <!-- checkstatusLine -->
        <test-method status="PASS" signature="tearDown()[pri:0, instance:com.heroes.testCases.TC_008_CheckFightWithAddingOneHero@59494225]" name="tearDown" is-config="true" duration-ms="4" started-at="2020-10-27T08:49:37Z" finished-at="2020-10-27T08:49:37Z">
          <reporter-output>
          </reporter-output>
        </test-method> <!-- tearDown -->
      </class> <!-- com.heroes.testCases.TC_008_CheckFightWithAddingOneHero -->
      <class name="com.heroes.testCases.TC_021_CheckPostforInvaildNotinList">
        <test-method status="PASS" signature="setup()[pri:0, instance:com.heroes.testCases.TC_021_CheckPostforInvaildNotinList@3159c4b8]" name="setup" is-config="true" duration-ms="2" started-at="2020-10-27T08:50:08Z" finished-at="2020-10-27T08:50:08Z">
          <reporter-output>
          </reporter-output>
        </test-method> <!-- setup -->
        <test-method status="PASS" signature="CheckInvalid()[pri:0, instance:com.heroes.testCases.TC_021_CheckPostforInvaildNotinList@3159c4b8]" name="CheckInvalid" is-config="true" duration-ms="2040" started-at="2020-10-27T08:50:08Z" finished-at="2020-10-27T08:50:10Z">
          <reporter-output>
          </reporter-output>
        </test-method> <!-- CheckInvalid -->
        <test-method status="PASS" signature="checkContentLength()[pri:0, instance:com.heroes.testCases.TC_021_CheckPostforInvaildNotinList@3159c4b8]" name="checkContentLength" duration-ms="0" started-at="2020-10-27T08:50:10Z" finished-at="2020-10-27T08:50:10Z">
          <reporter-output>
          </reporter-output>
        </test-method> <!-- checkContentLength -->
        <test-method status="PASS" signature="checkContentType()[pri:0, instance:com.heroes.testCases.TC_021_CheckPostforInvaildNotinList@3159c4b8]" name="checkContentType" duration-ms="1" started-at="2020-10-27T08:50:10Z" finished-at="2020-10-27T08:50:10Z">
          <reporter-output>
          </reporter-output>
        </test-method> <!-- checkContentType -->
        <test-method status="PASS" signature="checkResponseTime()[pri:0, instance:com.heroes.testCases.TC_021_CheckPostforInvaildNotinList@3159c4b8]" name="checkResponseTime" duration-ms="0" started-at="2020-10-27T08:50:10Z" finished-at="2020-10-27T08:50:10Z">
          <reporter-output>
          </reporter-output>
        </test-method> <!-- checkResponseTime -->
        <test-method status="PASS" signature="checkResposeBody()[pri:0, instance:com.heroes.testCases.TC_021_CheckPostforInvaildNotinList@3159c4b8]" name="checkResposeBody" duration-ms="1" started-at="2020-10-27T08:50:10Z" finished-at="2020-10-27T08:50:10Z">
          <reporter-output>
          </reporter-output>
        </test-method> <!-- checkResposeBody -->
        <test-method status="PASS" signature="checkStatusCode()[pri:0, instance:com.heroes.testCases.TC_021_CheckPostforInvaildNotinList@3159c4b8]" name="checkStatusCode" duration-ms="1" started-at="2020-10-27T08:50:10Z" finished-at="2020-10-27T08:50:10Z">
          <reporter-output>
          </reporter-output>
        </test-method> <!-- checkStatusCode -->
        <test-method status="PASS" signature="checkstatusLine()[pri:0, instance:com.heroes.testCases.TC_021_CheckPostforInvaildNotinList@3159c4b8]" name="checkstatusLine" duration-ms="0" started-at="2020-10-27T08:50:10Z" finished-at="2020-10-27T08:50:10Z">
          <reporter-output>
          </reporter-output>
        </test-method> <!-- checkstatusLine -->
        <test-method status="PASS" signature="tearDown()[pri:0, instance:com.heroes.testCases.TC_021_CheckPostforInvaildNotinList@3159c4b8]" name="tearDown" is-config="true" duration-ms="1" started-at="2020-10-27T08:50:10Z" finished-at="2020-10-27T08:50:10Z">
          <reporter-output>
          </reporter-output>
        </test-method> <!-- tearDown -->
      </class> <!-- com.heroes.testCases.TC_021_CheckPostforInvaildNotinList -->
      <class name="com.heroes.testCases.TC_022_CheckGetRequestWithExtraspace">
        <test-method status="PASS" signature="setup()[pri:0, instance:com.heroes.testCases.TC_022_CheckGetRequestWithExtraspace@73846619]" name="setup" is-config="true" duration-ms="3" started-at="2020-10-27T08:50:10Z" finished-at="2020-10-27T08:50:10Z">
          <reporter-output>
          </reporter-output>
        </test-method> <!-- setup -->
        <test-method status="PASS" signature="CheckGetWithSpace()[pri:0, instance:com.heroes.testCases.TC_022_CheckGetRequestWithExtraspace@73846619]" name="CheckGetWithSpace" is-config="true" duration-ms="2043" started-at="2020-10-27T08:50:10Z" finished-at="2020-10-27T08:50:12Z">
          <reporter-output>
          </reporter-output>
        </test-method> <!-- CheckGetWithSpace -->
        <test-method status="PASS" signature="checkContentLength()[pri:0, instance:com.heroes.testCases.TC_022_CheckGetRequestWithExtraspace@73846619]" name="checkContentLength" duration-ms="1" started-at="2020-10-27T08:50:12Z" finished-at="2020-10-27T08:50:12Z">
          <reporter-output>
          </reporter-output>
        </test-method> <!-- checkContentLength -->
        <test-method status="PASS" signature="checkContentType()[pri:0, instance:com.heroes.testCases.TC_022_CheckGetRequestWithExtraspace@73846619]" name="checkContentType" duration-ms="1" started-at="2020-10-27T08:50:12Z" finished-at="2020-10-27T08:50:12Z">
          <reporter-output>
          </reporter-output>
        </test-method> <!-- checkContentType -->
        <test-method status="PASS" signature="checkResponseTime()[pri:0, instance:com.heroes.testCases.TC_022_CheckGetRequestWithExtraspace@73846619]" name="checkResponseTime" duration-ms="1" started-at="2020-10-27T08:50:12Z" finished-at="2020-10-27T08:50:12Z">
          <reporter-output>
          </reporter-output>
        </test-method> <!-- checkResponseTime -->
        <test-method status="PASS" signature="checkResposeBody()[pri:0, instance:com.heroes.testCases.TC_022_CheckGetRequestWithExtraspace@73846619]" name="checkResposeBody" duration-ms="1" started-at="2020-10-27T08:50:12Z" finished-at="2020-10-27T08:50:12Z">
          <reporter-output>
          </reporter-output>
        </test-method> <!-- checkResposeBody -->
        <test-method status="PASS" signature="checkStatusCode()[pri:0, instance:com.heroes.testCases.TC_022_CheckGetRequestWithExtraspace@73846619]" name="checkStatusCode" duration-ms="1" started-at="2020-10-27T08:50:12Z" finished-at="2020-10-27T08:50:12Z">
          <reporter-output>
          </reporter-output>
        </test-method> <!-- checkStatusCode -->
        <test-method status="PASS" signature="checkstatusLine()[pri:0, instance:com.heroes.testCases.TC_022_CheckGetRequestWithExtraspace@73846619]" name="checkstatusLine" duration-ms="0" started-at="2020-10-27T08:50:12Z" finished-at="2020-10-27T08:50:12Z">
          <reporter-output>
          </reporter-output>
        </test-method> <!-- checkstatusLine -->
        <test-method status="PASS" signature="tearDown()[pri:0, instance:com.heroes.testCases.TC_022_CheckGetRequestWithExtraspace@73846619]" name="tearDown" is-config="true" duration-ms="2" started-at="2020-10-27T08:50:12Z" finished-at="2020-10-27T08:50:12Z">
          <reporter-output>
          </reporter-output>
        </test-method> <!-- tearDown -->
      </class> <!-- com.heroes.testCases.TC_022_CheckGetRequestWithExtraspace -->
      <class name="com.heroes.testCases.TC_004_CheckPostSecondHeroToFight">
        <test-method status="PASS" signature="setup()[pri:0, instance:com.heroes.testCases.TC_004_CheckPostSecondHeroToFight@56ac3a89]" name="setup" is-config="true" duration-ms="2" started-at="2020-10-27T08:49:27Z" finished-at="2020-10-27T08:49:27Z">
          <reporter-output>
          </reporter-output>
        </test-method> <!-- setup -->
        <test-method status="PASS" signature="CheckPostSecondHero()[pri:0, instance:com.heroes.testCases.TC_004_CheckPostSecondHeroToFight@56ac3a89]" name="CheckPostSecondHero" is-config="true" duration-ms="2033" started-at="2020-10-27T08:49:27Z" finished-at="2020-10-27T08:49:29Z">
          <reporter-output>
          </reporter-output>
        </test-method> <!-- CheckPostSecondHero -->
        <test-method status="PASS" signature="checkContentLength()[pri:0, instance:com.heroes.testCases.TC_004_CheckPostSecondHeroToFight@56ac3a89]" name="checkContentLength" duration-ms="1" started-at="2020-10-27T08:49:29Z" finished-at="2020-10-27T08:49:29Z">
          <reporter-output>
          </reporter-output>
        </test-method> <!-- checkContentLength -->
        <test-method status="PASS" signature="checkContentType()[pri:0, instance:com.heroes.testCases.TC_004_CheckPostSecondHeroToFight@56ac3a89]" name="checkContentType" duration-ms="2" started-at="2020-10-27T08:49:29Z" finished-at="2020-10-27T08:49:29Z">
          <reporter-output>
          </reporter-output>
        </test-method> <!-- checkContentType -->
        <test-method status="PASS" signature="checkResponseTime()[pri:0, instance:com.heroes.testCases.TC_004_CheckPostSecondHeroToFight@56ac3a89]" name="checkResponseTime" duration-ms="1" started-at="2020-10-27T08:49:29Z" finished-at="2020-10-27T08:49:29Z">
          <reporter-output>
          </reporter-output>
        </test-method> <!-- checkResponseTime -->
        <test-method status="PASS" signature="checkResposeBody()[pri:0, instance:com.heroes.testCases.TC_004_CheckPostSecondHeroToFight@56ac3a89]" name="checkResposeBody" duration-ms="2" started-at="2020-10-27T08:49:29Z" finished-at="2020-10-27T08:49:29Z">
          <reporter-output>
          </reporter-output>
        </test-method> <!-- checkResposeBody -->
        <test-method status="PASS" signature="checkStatusCode()[pri:0, instance:com.heroes.testCases.TC_004_CheckPostSecondHeroToFight@56ac3a89]" name="checkStatusCode" duration-ms="5" started-at="2020-10-27T08:49:29Z" finished-at="2020-10-27T08:49:29Z">
          <reporter-output>
          </reporter-output>
        </test-method> <!-- checkStatusCode -->
        <test-method status="PASS" signature="checkstatusLine()[pri:0, instance:com.heroes.testCases.TC_004_CheckPostSecondHeroToFight@56ac3a89]" name="checkstatusLine" duration-ms="1" started-at="2020-10-27T08:49:29Z" finished-at="2020-10-27T08:49:29Z">
          <reporter-output>
          </reporter-output>
        </test-method> <!-- checkstatusLine -->
        <test-method status="PASS" signature="tearDown()[pri:0, instance:com.heroes.testCases.TC_004_CheckPostSecondHeroToFight@56ac3a89]" name="tearDown" is-config="true" duration-ms="0" started-at="2020-10-27T08:49:29Z" finished-at="2020-10-27T08:49:29Z">
          <reporter-output>
          </reporter-output>
        </test-method> <!-- tearDown -->
      </class> <!-- com.heroes.testCases.TC_004_CheckPostSecondHeroToFight -->
      <class name="com.heroes.testCases.TC_024_CheckSuccessMessageAfterAddingTwoHeroes">
        <test-method status="PASS" signature="setup()[pri:0, instance:com.heroes.testCases.TC_024_CheckSuccessMessageAfterAddingTwoHeroes@29ca901e]" name="setup" is-config="true" duration-ms="2" started-at="2020-10-27T08:50:14Z" finished-at="2020-10-27T08:50:14Z">
          <reporter-output>
          </reporter-output>
        </test-method> <!-- setup -->
        <test-method status="PASS" signature="CheckMessageforTwo()[pri:0, instance:com.heroes.testCases.TC_024_CheckSuccessMessageAfterAddingTwoHeroes@29ca901e]" name="CheckMessageforTwo" is-config="true" duration-ms="2047" started-at="2020-10-27T08:50:14Z" finished-at="2020-10-27T08:50:16Z">
          <reporter-output>
          </reporter-output>
        </test-method> <!-- CheckMessageforTwo -->
        <test-method status="PASS" signature="checkContentLength()[pri:0, instance:com.heroes.testCases.TC_024_CheckSuccessMessageAfterAddingTwoHeroes@29ca901e]" name="checkContentLength" duration-ms="1" started-at="2020-10-27T08:50:16Z" finished-at="2020-10-27T08:50:16Z">
          <reporter-output>
          </reporter-output>
        </test-method> <!-- checkContentLength -->
        <test-method status="PASS" signature="checkContentType()[pri:0, instance:com.heroes.testCases.TC_024_CheckSuccessMessageAfterAddingTwoHeroes@29ca901e]" name="checkContentType" duration-ms="1" started-at="2020-10-27T08:50:16Z" finished-at="2020-10-27T08:50:16Z">
          <reporter-output>
          </reporter-output>
        </test-method> <!-- checkContentType -->
        <test-method status="PASS" signature="checkResponseTime()[pri:0, instance:com.heroes.testCases.TC_024_CheckSuccessMessageAfterAddingTwoHeroes@29ca901e]" name="checkResponseTime" duration-ms="1" started-at="2020-10-27T08:50:16Z" finished-at="2020-10-27T08:50:16Z">
          <reporter-output>
          </reporter-output>
        </test-method> <!-- checkResponseTime -->
        <test-method status="PASS" signature="checkResposeBody()[pri:0, instance:com.heroes.testCases.TC_024_CheckSuccessMessageAfterAddingTwoHeroes@29ca901e]" name="checkResposeBody" duration-ms="1" started-at="2020-10-27T08:50:16Z" finished-at="2020-10-27T08:50:16Z">
          <reporter-output>
          </reporter-output>
        </test-method> <!-- checkResposeBody -->
        <test-method status="PASS" signature="checkStatusCode()[pri:0, instance:com.heroes.testCases.TC_024_CheckSuccessMessageAfterAddingTwoHeroes@29ca901e]" name="checkStatusCode" duration-ms="1" started-at="2020-10-27T08:50:16Z" finished-at="2020-10-27T08:50:16Z">
          <reporter-output>
          </reporter-output>
        </test-method> <!-- checkStatusCode -->
        <test-method status="PASS" signature="checkstatusLine()[pri:0, instance:com.heroes.testCases.TC_024_CheckSuccessMessageAfterAddingTwoHeroes@29ca901e]" name="checkstatusLine" duration-ms="1" started-at="2020-10-27T08:50:16Z" finished-at="2020-10-27T08:50:16Z">
          <reporter-output>
          </reporter-output>
        </test-method> <!-- checkstatusLine -->
        <test-method status="PASS" signature="tearDown()[pri:0, instance:com.heroes.testCases.TC_024_CheckSuccessMessageAfterAddingTwoHeroes@29ca901e]" name="tearDown" is-config="true" duration-ms="0" started-at="2020-10-27T08:50:16Z" finished-at="2020-10-27T08:50:16Z">
          <reporter-output>
          </reporter-output>
        </test-method> <!-- tearDown -->
      </class> <!-- com.heroes.testCases.TC_024_CheckSuccessMessageAfterAddingTwoHeroes -->
      <class name="com.heroes.testCases.TC_010_CheckAddingSameHeroTwice">
        <test-method status="PASS" signature="setup()[pri:0, instance:com.heroes.testCases.TC_010_CheckAddingSameHeroTwice@5cb9f472]" name="setup" is-config="true" duration-ms="2" started-at="2020-10-27T08:49:39Z" finished-at="2020-10-27T08:49:39Z">
          <reporter-output>
          </reporter-output>
        </test-method> <!-- setup -->
        <test-method status="PASS" signature="CheckAddSameHero()[pri:0, instance:com.heroes.testCases.TC_010_CheckAddingSameHeroTwice@5cb9f472]" name="CheckAddSameHero" is-config="true" duration-ms="2234" started-at="2020-10-27T08:49:39Z" finished-at="2020-10-27T08:49:42Z">
          <reporter-output>
          </reporter-output>
        </test-method> <!-- CheckAddSameHero -->
        <test-method status="PASS" signature="checkContentLength()[pri:0, instance:com.heroes.testCases.TC_010_CheckAddingSameHeroTwice@5cb9f472]" name="checkContentLength" duration-ms="1" started-at="2020-10-27T08:49:42Z" finished-at="2020-10-27T08:49:42Z">
          <reporter-output>
          </reporter-output>
        </test-method> <!-- checkContentLength -->
        <test-method status="PASS" signature="checkContentType()[pri:0, instance:com.heroes.testCases.TC_010_CheckAddingSameHeroTwice@5cb9f472]" name="checkContentType" duration-ms="1" started-at="2020-10-27T08:49:42Z" finished-at="2020-10-27T08:49:42Z">
          <reporter-output>
          </reporter-output>
        </test-method> <!-- checkContentType -->
        <test-method status="PASS" signature="checkResponseTime()[pri:0, instance:com.heroes.testCases.TC_010_CheckAddingSameHeroTwice@5cb9f472]" name="checkResponseTime" duration-ms="0" started-at="2020-10-27T08:49:42Z" finished-at="2020-10-27T08:49:42Z">
          <reporter-output>
          </reporter-output>
        </test-method> <!-- checkResponseTime -->
        <test-method status="PASS" signature="checkResposeBody()[pri:0, instance:com.heroes.testCases.TC_010_CheckAddingSameHeroTwice@5cb9f472]" name="checkResposeBody" duration-ms="2" started-at="2020-10-27T08:49:42Z" finished-at="2020-10-27T08:49:42Z">
          <reporter-output>
          </reporter-output>
        </test-method> <!-- checkResposeBody -->
        <test-method status="PASS" signature="checkStatusCode()[pri:0, instance:com.heroes.testCases.TC_010_CheckAddingSameHeroTwice@5cb9f472]" name="checkStatusCode" duration-ms="1" started-at="2020-10-27T08:49:42Z" finished-at="2020-10-27T08:49:42Z">
          <reporter-output>
          </reporter-output>
        </test-method> <!-- checkStatusCode -->
        <test-method status="PASS" signature="checkstatusLine()[pri:0, instance:com.heroes.testCases.TC_010_CheckAddingSameHeroTwice@5cb9f472]" name="checkstatusLine" duration-ms="1" started-at="2020-10-27T08:49:42Z" finished-at="2020-10-27T08:49:42Z">
          <reporter-output>
          </reporter-output>
        </test-method> <!-- checkstatusLine -->
        <test-method status="PASS" signature="tearDown()[pri:0, instance:com.heroes.testCases.TC_010_CheckAddingSameHeroTwice@5cb9f472]" name="tearDown" is-config="true" duration-ms="1" started-at="2020-10-27T08:49:42Z" finished-at="2020-10-27T08:49:42Z">
          <reporter-output>
          </reporter-output>
        </test-method> <!-- tearDown -->
      </class> <!-- com.heroes.testCases.TC_010_CheckAddingSameHeroTwice -->
      <class name="com.heroes.testCases.TC_019_CheckFightbetweenTwoResultHigherpowerlevelWins">
        <test-method status="PASS" signature="setup()[pri:0, instance:com.heroes.testCases.TC_019_CheckFightbetweenTwoResultHigherpowerlevelWins@69ea3742]" name="setup" is-config="true" duration-ms="2" started-at="2020-10-27T08:49:58Z" finished-at="2020-10-27T08:49:58Z">
          <reporter-output>
          </reporter-output>
        </test-method> <!-- setup -->
        <test-method status="PASS" signature="CHeckFIght()[pri:0, instance:com.heroes.testCases.TC_019_CheckFightbetweenTwoResultHigherpowerlevelWins@69ea3742]" name="CHeckFIght" is-config="true" duration-ms="7059" started-at="2020-10-27T08:49:58Z" finished-at="2020-10-27T08:50:05Z">
          <reporter-output>
          </reporter-output>
        </test-method> <!-- CHeckFIght -->
        <test-method status="PASS" signature="checkContentLength()[pri:0, instance:com.heroes.testCases.TC_019_CheckFightbetweenTwoResultHigherpowerlevelWins@69ea3742]" name="checkContentLength" duration-ms="0" started-at="2020-10-27T08:50:05Z" finished-at="2020-10-27T08:50:05Z">
          <reporter-output>
          </reporter-output>
        </test-method> <!-- checkContentLength -->
        <test-method status="PASS" signature="checkContentType()[pri:0, instance:com.heroes.testCases.TC_019_CheckFightbetweenTwoResultHigherpowerlevelWins@69ea3742]" name="checkContentType" duration-ms="1" started-at="2020-10-27T08:50:05Z" finished-at="2020-10-27T08:50:05Z">
          <reporter-output>
          </reporter-output>
        </test-method> <!-- checkContentType -->
        <test-method status="PASS" signature="checkResponseTime()[pri:0, instance:com.heroes.testCases.TC_019_CheckFightbetweenTwoResultHigherpowerlevelWins@69ea3742]" name="checkResponseTime" duration-ms="1" started-at="2020-10-27T08:50:05Z" finished-at="2020-10-27T08:50:05Z">
          <reporter-output>
          </reporter-output>
        </test-method> <!-- checkResponseTime -->
        <test-method status="PASS" signature="checkResposeBody()[pri:0, instance:com.heroes.testCases.TC_019_CheckFightbetweenTwoResultHigherpowerlevelWins@69ea3742]" name="checkResposeBody" duration-ms="2" started-at="2020-10-27T08:50:05Z" finished-at="2020-10-27T08:50:05Z">
          <reporter-output>
          </reporter-output>
        </test-method> <!-- checkResposeBody -->
        <test-method status="PASS" signature="checkStatusCode()[pri:0, instance:com.heroes.testCases.TC_019_CheckFightbetweenTwoResultHigherpowerlevelWins@69ea3742]" name="checkStatusCode" duration-ms="1" started-at="2020-10-27T08:50:05Z" finished-at="2020-10-27T08:50:05Z">
          <reporter-output>
          </reporter-output>
        </test-method> <!-- checkStatusCode -->
        <test-method status="PASS" signature="checkstatusLine()[pri:0, instance:com.heroes.testCases.TC_019_CheckFightbetweenTwoResultHigherpowerlevelWins@69ea3742]" name="checkstatusLine" duration-ms="0" started-at="2020-10-27T08:50:05Z" finished-at="2020-10-27T08:50:05Z">
          <reporter-output>
          </reporter-output>
        </test-method> <!-- checkstatusLine -->
        <test-method status="PASS" signature="tearDown()[pri:0, instance:com.heroes.testCases.TC_019_CheckFightbetweenTwoResultHigherpowerlevelWins@69ea3742]" name="tearDown" is-config="true" duration-ms="1" started-at="2020-10-27T08:50:05Z" finished-at="2020-10-27T08:50:05Z">
          <reporter-output>
          </reporter-output>
        </test-method> <!-- tearDown -->
      </class> <!-- com.heroes.testCases.TC_019_CheckFightbetweenTwoResultHigherpowerlevelWins -->
      <class name="com.heroes.testCases.TC_003_CheckPostAHeroToFight">
        <test-method status="PASS" signature="setup()[pri:0, instance:com.heroes.testCases.TC_003_CheckPostAHeroToFight@490ab905]" name="setup" is-config="true" duration-ms="2" started-at="2020-10-27T08:49:24Z" finished-at="2020-10-27T08:49:24Z">
          <reporter-output>
          </reporter-output>
        </test-method> <!-- setup -->
        <test-method status="PASS" signature="CheckPostHero()[pri:0, instance:com.heroes.testCases.TC_003_CheckPostAHeroToFight@490ab905]" name="CheckPostHero" is-config="true" duration-ms="2117" started-at="2020-10-27T08:49:24Z" finished-at="2020-10-27T08:49:27Z">
          <reporter-output>
          </reporter-output>
        </test-method> <!-- CheckPostHero -->
        <test-method status="PASS" signature="checkContentLength()[pri:0, instance:com.heroes.testCases.TC_003_CheckPostAHeroToFight@490ab905]" name="checkContentLength" duration-ms="1" started-at="2020-10-27T08:49:27Z" finished-at="2020-10-27T08:49:27Z">
          <reporter-output>
          </reporter-output>
        </test-method> <!-- checkContentLength -->
        <test-method status="PASS" signature="checkContentType()[pri:0, instance:com.heroes.testCases.TC_003_CheckPostAHeroToFight@490ab905]" name="checkContentType" duration-ms="1" started-at="2020-10-27T08:49:27Z" finished-at="2020-10-27T08:49:27Z">
          <reporter-output>
          </reporter-output>
        </test-method> <!-- checkContentType -->
        <test-method status="PASS" signature="checkResponseTime()[pri:0, instance:com.heroes.testCases.TC_003_CheckPostAHeroToFight@490ab905]" name="checkResponseTime" duration-ms="1" started-at="2020-10-27T08:49:27Z" finished-at="2020-10-27T08:49:27Z">
          <reporter-output>
          </reporter-output>
        </test-method> <!-- checkResponseTime -->
        <test-method status="PASS" signature="checkResposeBody()[pri:0, instance:com.heroes.testCases.TC_003_CheckPostAHeroToFight@490ab905]" name="checkResposeBody" duration-ms="1" started-at="2020-10-27T08:49:27Z" finished-at="2020-10-27T08:49:27Z">
          <reporter-output>
          </reporter-output>
        </test-method> <!-- checkResposeBody -->
        <test-method status="PASS" signature="checkStatusCode()[pri:0, instance:com.heroes.testCases.TC_003_CheckPostAHeroToFight@490ab905]" name="checkStatusCode" duration-ms="1" started-at="2020-10-27T08:49:27Z" finished-at="2020-10-27T08:49:27Z">
          <reporter-output>
          </reporter-output>
        </test-method> <!-- checkStatusCode -->
        <test-method status="PASS" signature="checkstatusLine()[pri:0, instance:com.heroes.testCases.TC_003_CheckPostAHeroToFight@490ab905]" name="checkstatusLine" duration-ms="0" started-at="2020-10-27T08:49:27Z" finished-at="2020-10-27T08:49:27Z">
          <reporter-output>
          </reporter-output>
        </test-method> <!-- checkstatusLine -->
        <test-method status="PASS" signature="tearDown()[pri:0, instance:com.heroes.testCases.TC_003_CheckPostAHeroToFight@490ab905]" name="tearDown" is-config="true" duration-ms="1" started-at="2020-10-27T08:49:27Z" finished-at="2020-10-27T08:49:27Z">
          <reporter-output>
          </reporter-output>
        </test-method> <!-- tearDown -->
      </class> <!-- com.heroes.testCases.TC_003_CheckPostAHeroToFight -->
      <class name="com.heroes.testCases.TC_020_CheckGetMethodforIncorrectID">
        <test-method status="PASS" signature="setup()[pri:0, instance:com.heroes.testCases.TC_020_CheckGetMethodforIncorrectID@4b952a2d]" name="setup" is-config="true" duration-ms="4" started-at="2020-10-27T08:50:05Z" finished-at="2020-10-27T08:50:05Z">
          <reporter-output>
          </reporter-output>
        </test-method> <!-- setup -->
        <test-method status="PASS" signature="CheckIncorrectID()[pri:0, instance:com.heroes.testCases.TC_020_CheckGetMethodforIncorrectID@4b952a2d]" name="CheckIncorrectID" is-config="true" duration-ms="2045" started-at="2020-10-27T08:50:05Z" finished-at="2020-10-27T08:50:08Z">
          <reporter-output>
          </reporter-output>
        </test-method> <!-- CheckIncorrectID -->
        <test-method status="PASS" signature="checkContentLength()[pri:0, instance:com.heroes.testCases.TC_020_CheckGetMethodforIncorrectID@4b952a2d]" name="checkContentLength" duration-ms="1" started-at="2020-10-27T08:50:08Z" finished-at="2020-10-27T08:50:08Z">
          <reporter-output>
          </reporter-output>
        </test-method> <!-- checkContentLength -->
        <test-method status="PASS" signature="checkResponseTime()[pri:0, instance:com.heroes.testCases.TC_020_CheckGetMethodforIncorrectID@4b952a2d]" name="checkResponseTime" duration-ms="1" started-at="2020-10-27T08:50:08Z" finished-at="2020-10-27T08:50:08Z">
          <reporter-output>
          </reporter-output>
        </test-method> <!-- checkResponseTime -->
        <test-method status="PASS" signature="checkResposeBody()[pri:0, instance:com.heroes.testCases.TC_020_CheckGetMethodforIncorrectID@4b952a2d]" name="checkResposeBody" duration-ms="3" started-at="2020-10-27T08:50:08Z" finished-at="2020-10-27T08:50:08Z">
          <reporter-output>
          </reporter-output>
        </test-method> <!-- checkResposeBody -->
        <test-method status="PASS" signature="checkStatusCode()[pri:0, instance:com.heroes.testCases.TC_020_CheckGetMethodforIncorrectID@4b952a2d]" name="checkStatusCode" duration-ms="1" started-at="2020-10-27T08:50:08Z" finished-at="2020-10-27T08:50:08Z">
          <reporter-output>
          </reporter-output>
        </test-method> <!-- checkStatusCode -->
        <test-method status="PASS" signature="checkstatusLine()[pri:0, instance:com.heroes.testCases.TC_020_CheckGetMethodforIncorrectID@4b952a2d]" name="checkstatusLine" duration-ms="0" started-at="2020-10-27T08:50:08Z" finished-at="2020-10-27T08:50:08Z">
          <reporter-output>
          </reporter-output>
        </test-method> <!-- checkstatusLine -->
        <test-method status="PASS" signature="tearDown()[pri:0, instance:com.heroes.testCases.TC_020_CheckGetMethodforIncorrectID@4b952a2d]" name="tearDown" is-config="true" duration-ms="1" started-at="2020-10-27T08:50:08Z" finished-at="2020-10-27T08:50:08Z">
          <reporter-output>
          </reporter-output>
        </test-method> <!-- tearDown -->
      </class> <!-- com.heroes.testCases.TC_020_CheckGetMethodforIncorrectID -->
      <class name="com.heroes.testCases.TC_018_CheckAddingSameHeroAlternatively">
        <test-method status="PASS" signature="setup()[pri:0, instance:com.heroes.testCases.TC_018_CheckAddingSameHeroAlternatively@5702b3b1]" name="setup" is-config="true" duration-ms="2" started-at="2020-10-27T08:49:56Z" finished-at="2020-10-27T08:49:56Z">
          <reporter-output>
          </reporter-output>
        </test-method> <!-- setup -->
        <test-method status="PASS" signature="CheckAddheroAlternative()[pri:0, instance:com.heroes.testCases.TC_018_CheckAddingSameHeroAlternatively@5702b3b1]" name="CheckAddheroAlternative" is-config="true" duration-ms="2051" started-at="2020-10-27T08:49:56Z" finished-at="2020-10-27T08:49:58Z">
          <reporter-output>
          </reporter-output>
        </test-method> <!-- CheckAddheroAlternative -->
        <test-method status="PASS" signature="checkContentLength()[pri:0, instance:com.heroes.testCases.TC_018_CheckAddingSameHeroAlternatively@5702b3b1]" name="checkContentLength" duration-ms="0" started-at="2020-10-27T08:49:58Z" finished-at="2020-10-27T08:49:58Z">
          <reporter-output>
          </reporter-output>
        </test-method> <!-- checkContentLength -->
        <test-method status="PASS" signature="checkContentType()[pri:0, instance:com.heroes.testCases.TC_018_CheckAddingSameHeroAlternatively@5702b3b1]" name="checkContentType" duration-ms="1" started-at="2020-10-27T08:49:58Z" finished-at="2020-10-27T08:49:58Z">
          <reporter-output>
          </reporter-output>
[...]
          <reporter-output>
          </reporter-output>
        </test-method> <!-- checkContentLength -->
        <test-method status="PASS" signature="checkContentType()[pri:0, instance:com.heroes.testCases.TC_027_CheckTokenAuthenticationValid@2d928643]" name="checkContentType" duration-ms="1" started-at="2020-10-27T08:50:22Z" finished-at="2020-10-27T08:50:22Z">
          <reporter-output>
          </reporter-output>
        </test-method> <!-- checkContentType -->
        <test-method status="PASS" signature="checkResponseTime()[pri:0, instance:com.heroes.testCases.TC_027_CheckTokenAuthenticationValid@2d928643]" name="checkResponseTime" duration-ms="1" started-at="2020-10-27T08:50:22Z" finished-at="2020-10-27T08:50:22Z">
          <reporter-output>
          </reporter-output>
        </test-method> <!-- checkResponseTime -->
        <test-method status="PASS" signature="checkResposeBody()[pri:0, instance:com.heroes.testCases.TC_027_CheckTokenAuthenticationValid@2d928643]" name="checkResposeBody" duration-ms="1" started-at="2020-10-27T08:50:22Z" finished-at="2020-10-27T08:50:22Z">
          <reporter-output>
          </reporter-output>
        </test-method> <!-- checkResposeBody -->
        <test-method status="PASS" signature="checkStatusCode()[pri:0, instance:com.heroes.testCases.TC_027_CheckTokenAuthenticationValid@2d928643]" name="checkStatusCode" duration-ms="1" started-at="2020-10-27T08:50:22Z" finished-at="2020-10-27T08:50:22Z">
          <reporter-output>
          </reporter-output>
        </test-method> <!-- checkStatusCode -->
        <test-method status="PASS" signature="checkstatusLine()[pri:0, instance:com.heroes.testCases.TC_027_CheckTokenAuthenticationValid@2d928643]" name="checkstatusLine" duration-ms="1" started-at="2020-10-27T08:50:22Z" finished-at="2020-10-27T08:50:22Z">
          <reporter-output>
          </reporter-output>
        </test-method> <!-- checkstatusLine -->
        <test-method status="PASS" signature="tearDown()[pri:0, instance:com.heroes.testCases.TC_027_CheckTokenAuthenticationValid@2d928643]" name="tearDown" is-config="true" duration-ms="0" started-at="2020-10-27T08:50:22Z" finished-at="2020-10-27T08:50:22Z">
          <reporter-output>
          </reporter-output>
        </test-method> <!-- tearDown -->
      </class> <!-- com.heroes.testCases.TC_027_CheckTokenAuthenticationValid -->
      <class name="com.heroes.testCases.TC_012_CheckAddingTwoHeroInDescPowerLevel">
        <test-method status="PASS" signature="setup()[pri:0, instance:com.heroes.testCases.TC_012_CheckAddingTwoHeroInDescPowerLevel@13805618]" name="setup" is-config="true" duration-ms="1" started-at="2020-10-27T08:49:44Z" finished-at="2020-10-27T08:49:44Z">
          <reporter-output>
          </reporter-output>
        </test-method> <!-- setup -->
        <test-method status="PASS" signature="CheckPowerLevel()[pri:0, instance:com.heroes.testCases.TC_012_CheckAddingTwoHeroInDescPowerLevel@13805618]" name="CheckPowerLevel" is-config="true" duration-ms="2082" started-at="2020-10-27T08:49:44Z" finished-at="2020-10-27T08:49:46Z">
          <reporter-output>
          </reporter-output>
        </test-method> <!-- CheckPowerLevel -->
        <test-method status="PASS" signature="checkContentLength()[pri:0, instance:com.heroes.testCases.TC_012_CheckAddingTwoHeroInDescPowerLevel@13805618]" name="checkContentLength" duration-ms="1" started-at="2020-10-27T08:49:46Z" finished-at="2020-10-27T08:49:46Z">
          <reporter-output>
          </reporter-output>
        </test-method> <!-- checkContentLength -->
        <test-method status="PASS" signature="checkContentType()[pri:0, instance:com.heroes.testCases.TC_012_CheckAddingTwoHeroInDescPowerLevel@13805618]" name="checkContentType" duration-ms="1" started-at="2020-10-27T08:49:46Z" finished-at="2020-10-27T08:49:46Z">
          <reporter-output>
          </reporter-output>
        </test-method> <!-- checkContentType -->
        <test-method status="PASS" signature="checkResponseTime()[pri:0, instance:com.heroes.testCases.TC_012_CheckAddingTwoHeroInDescPowerLevel@13805618]" name="checkResponseTime" duration-ms="1" started-at="2020-10-27T08:49:46Z" finished-at="2020-10-27T08:49:46Z">
          <reporter-output>
          </reporter-output>
        </test-method> <!-- checkResponseTime -->
        <test-method status="PASS" signature="checkResposeBody()[pri:0, instance:com.heroes.testCases.TC_012_CheckAddingTwoHeroInDescPowerLevel@13805618]" name="checkResposeBody" duration-ms="1" started-at="2020-10-27T08:49:46Z" finished-at="2020-10-27T08:49:46Z">
          <reporter-output>
          </reporter-output>
        </test-method> <!-- checkResposeBody -->
        <test-method status="PASS" signature="checkStatusCode()[pri:0, instance:com.heroes.testCases.TC_012_CheckAddingTwoHeroInDescPowerLevel@13805618]" name="checkStatusCode" duration-ms="1" started-at="2020-10-27T08:49:46Z" finished-at="2020-10-27T08:49:46Z">
          <reporter-output>
          </reporter-output>
        </test-method> <!-- checkStatusCode -->
        <test-method status="PASS" signature="checkstatusLine()[pri:0, instance:com.heroes.testCases.TC_012_CheckAddingTwoHeroInDescPowerLevel@13805618]" name="checkstatusLine" duration-ms="1" started-at="2020-10-27T08:49:46Z" finished-at="2020-10-27T08:49:46Z">
          <reporter-output>
          </reporter-output>
        </test-method> <!-- checkstatusLine -->
        <test-method status="PASS" signature="tearDown()[pri:0, instance:com.heroes.testCases.TC_012_CheckAddingTwoHeroInDescPowerLevel@13805618]" name="tearDown" is-config="true" duration-ms="1" started-at="2020-10-27T08:49:46Z" finished-at="2020-10-27T08:49:46Z">
          <reporter-output>
          </reporter-output>
        </test-method> <!-- tearDown -->
      </class> <!-- com.heroes.testCases.TC_012_CheckAddingTwoHeroInDescPowerLevel -->
      <class name="com.heroes.testCases.TC_002_CheckGetSingleHero">
        <test-method status="PASS" signature="setup()[pri:0, instance:com.heroes.testCases.TC_002_CheckGetSingleHero@1e397ed7]" name="setup" is-config="true" duration-ms="2" started-at="2020-10-27T08:49:22Z" finished-at="2020-10-27T08:49:22Z">
          <reporter-output>
          </reporter-output>
        </test-method> <!-- setup -->
        <test-method status="PASS" signature="GetHeroDetails()[pri:0, instance:com.heroes.testCases.TC_002_CheckGetSingleHero@1e397ed7]" name="GetHeroDetails" is-config="true" duration-ms="2058" started-at="2020-10-27T08:49:22Z" finished-at="2020-10-27T08:49:24Z">
          <reporter-output>
          </reporter-output>
        </test-method> <!-- GetHeroDetails -->
        <test-method status="PASS" signature="checkContentLength()[pri:0, instance:com.heroes.testCases.TC_002_CheckGetSingleHero@1e397ed7]" name="checkContentLength" duration-ms="1" started-at="2020-10-27T08:49:24Z" finished-at="2020-10-27T08:49:24Z">
          <reporter-output>
          </reporter-output>
        </test-method> <!-- checkContentLength -->
        <test-method status="PASS" signature="checkContentType()[pri:0, instance:com.heroes.testCases.TC_002_CheckGetSingleHero@1e397ed7]" name="checkContentType" duration-ms="1" started-at="2020-10-27T08:49:24Z" finished-at="2020-10-27T08:49:24Z">
          <reporter-output>
          </reporter-output>
        </test-method> <!-- checkContentType -->
        <test-method status="PASS" signature="checkResponseTime()[pri:0, instance:com.heroes.testCases.TC_002_CheckGetSingleHero@1e397ed7]" name="checkResponseTime" duration-ms="4" started-at="2020-10-27T08:49:24Z" finished-at="2020-10-27T08:49:24Z">
          <reporter-output>
          </reporter-output>
        </test-method> <!-- checkResponseTime -->
        <test-method status="PASS" signature="checkResposeBody()[pri:0, instance:com.heroes.testCases.TC_002_CheckGetSingleHero@1e397ed7]" name="checkResposeBody" duration-ms="1" started-at="2020-10-27T08:49:24Z" finished-at="2020-10-27T08:49:24Z">
          <reporter-output>
          </reporter-output>
        </test-method> <!-- checkResposeBody -->
        <test-method status="PASS" signature="checkStatusCode()[pri:0, instance:com.heroes.testCases.TC_002_CheckGetSingleHero@1e397ed7]" name="checkStatusCode" duration-ms="1" started-at="2020-10-27T08:49:24Z" finished-at="2020-10-27T08:49:24Z">
          <reporter-output>
          </reporter-output>
        </test-method> <!-- checkStatusCode -->
        <test-method status="PASS" signature="checkstatusLine()[pri:0, instance:com.heroes.testCases.TC_002_CheckGetSingleHero@1e397ed7]" name="checkstatusLine" duration-ms="1" started-at="2020-10-27T08:49:24Z" finished-at="2020-10-27T08:49:24Z">
          <reporter-output>
          </reporter-output>
        </test-method> <!-- checkstatusLine -->
        <test-method status="PASS" signature="tearDown()[pri:0, instance:com.heroes.testCases.TC_002_CheckGetSingleHero@1e397ed7]" name="tearDown" is-config="true" duration-ms="1" started-at="2020-10-27T08:49:24Z" finished-at="2020-10-27T08:49:24Z">
          <reporter-output>
          </reporter-output>
        </test-method> <!-- tearDown -->
      </class> <!-- com.heroes.testCases.TC_002_CheckGetSingleHero -->
      <class name="com.heroes.testCases.TC_011_CheckAddingTwoHeroInASCPowerLevel">
        <test-method status="PASS" signature="setup()[pri:0, instance:com.heroes.testCases.TC_011_CheckAddingTwoHeroInASCPowerLevel@cb644e]" name="setup" is-config="true" duration-ms="2" started-at="2020-10-27T08:49:42Z" finished-at="2020-10-27T08:49:42Z">
          <reporter-output>
          </reporter-output>
        </test-method> <!-- setup -->
        <test-method status="PASS" signature="CheckTwoHero()[pri:0, instance:com.heroes.testCases.TC_011_CheckAddingTwoHeroInASCPowerLevel@cb644e]" name="CheckTwoHero" is-config="true" duration-ms="2111" started-at="2020-10-27T08:49:42Z" finished-at="2020-10-27T08:49:44Z">
          <reporter-output>
          </reporter-output>
        </test-method> <!-- CheckTwoHero -->
        <test-method status="PASS" signature="checkContentLength()[pri:0, instance:com.heroes.testCases.TC_011_CheckAddingTwoHeroInASCPowerLevel@cb644e]" name="checkContentLength" duration-ms="1" started-at="2020-10-27T08:49:44Z" finished-at="2020-10-27T08:49:44Z">
          <reporter-output>
          </reporter-output>
        </test-method> <!-- checkContentLength -->
        <test-method status="PASS" signature="checkContentType()[pri:0, instance:com.heroes.testCases.TC_011_CheckAddingTwoHeroInASCPowerLevel@cb644e]" name="checkContentType" duration-ms="1" started-at="2020-10-27T08:49:44Z" finished-at="2020-10-27T08:49:44Z">
          <reporter-output>
          </reporter-output>
        </test-method> <!-- checkContentType -->
        <test-method status="PASS" signature="checkResponseTime()[pri:0, instance:com.heroes.testCases.TC_011_CheckAddingTwoHeroInASCPowerLevel@cb644e]" name="checkResponseTime" duration-ms="2" started-at="2020-10-27T08:49:44Z" finished-at="2020-10-27T08:49:44Z">
          <reporter-output>
          </reporter-output>
        </test-method> <!-- checkResponseTime -->
        <test-method status="PASS" signature="checkResposeBody()[pri:0, instance:com.heroes.testCases.TC_011_CheckAddingTwoHeroInASCPowerLevel@cb644e]" name="checkResposeBody" duration-ms="1" started-at="2020-10-27T08:49:44Z" finished-at="2020-10-27T08:49:44Z">
          <reporter-output>
          </reporter-output>
        </test-method> <!-- checkResposeBody -->
        <test-method status="PASS" signature="checkStatusCode()[pri:0, instance:com.heroes.testCases.TC_011_CheckAddingTwoHeroInASCPowerLevel@cb644e]" name="checkStatusCode" duration-ms="1" started-at="2020-10-27T08:49:44Z" finished-at="2020-10-27T08:49:44Z">
          <reporter-output>
          </reporter-output>
        </test-method> <!-- checkStatusCode -->
        <test-method status="PASS" signature="checkstatusLine()[pri:0, instance:com.heroes.testCases.TC_011_CheckAddingTwoHeroInASCPowerLevel@cb644e]" name="checkstatusLine" duration-ms="2" started-at="2020-10-27T08:49:44Z" finished-at="2020-10-27T08:49:44Z">
          <reporter-output>
          </reporter-output>
        </test-method> <!-- checkstatusLine -->
        <test-method status="PASS" signature="tearDown()[pri:0, instance:com.heroes.testCases.TC_011_CheckAddingTwoHeroInASCPowerLevel@cb644e]" name="tearDown" is-config="true" duration-ms="1" started-at="2020-10-27T08:49:44Z" finished-at="2020-10-27T08:49:44Z">
          <reporter-output>
          </reporter-output>
        </test-method> <!-- tearDown -->
      </class> <!-- com.heroes.testCases.TC_011_CheckAddingTwoHeroInASCPowerLevel -->
      <class name="com.heroes.testCases.TC_016_CheckAddingThreeHeroesInRandomPowerLevel">
        <test-method status="PASS" signature="setup()[pri:0, instance:com.heroes.testCases.TC_016_CheckAddingThreeHeroesInRandomPowerLevel@ff5b51f]" name="setup" is-config="true" duration-ms="7" started-at="2020-10-27T08:49:52Z" finished-at="2020-10-27T08:49:52Z">
          <reporter-output>
          </reporter-output>
        </test-method> <!-- setup -->
        <test-method status="PASS" signature="CheckAddRandom()[pri:0, instance:com.heroes.testCases.TC_016_CheckAddingThreeHeroesInRandomPowerLevel@ff5b51f]" name="CheckAddRandom" is-config="true" duration-ms="2065" started-at="2020-10-27T08:49:52Z" finished-at="2020-10-27T08:49:54Z">
          <reporter-output>
          </reporter-output>
        </test-method> <!-- CheckAddRandom -->
        <test-method status="PASS" signature="checkContentLength()[pri:0, instance:com.heroes.testCases.TC_016_CheckAddingThreeHeroesInRandomPowerLevel@ff5b51f]" name="checkContentLength" duration-ms="0" started-at="2020-10-27T08:49:54Z" finished-at="2020-10-27T08:49:54Z">
          <reporter-output>
          </reporter-output>
        </test-method> <!-- checkContentLength -->
        <test-method status="PASS" signature="checkContentType()[pri:0, instance:com.heroes.testCases.TC_016_CheckAddingThreeHeroesInRandomPowerLevel@ff5b51f]" name="checkContentType" duration-ms="1" started-at="2020-10-27T08:49:54Z" finished-at="2020-10-27T08:49:54Z">
          <reporter-output>
          </reporter-output>
        </test-method> <!-- checkContentType -->
        <test-method status="PASS" signature="checkResponseTime()[pri:0, instance:com.heroes.testCases.TC_016_CheckAddingThreeHeroesInRandomPowerLevel@ff5b51f]" name="checkResponseTime" duration-ms="1" started-at="2020-10-27T08:49:54Z" finished-at="2020-10-27T08:49:54Z">
          <reporter-output>
          </reporter-output>
        </test-method> <!-- checkResponseTime -->
        <test-method status="PASS" signature="checkResposeBody()[pri:0, instance:com.heroes.testCases.TC_016_CheckAddingThreeHeroesInRandomPowerLevel@ff5b51f]" name="checkResposeBody" duration-ms="2" started-at="2020-10-27T08:49:54Z" finished-at="2020-10-27T08:49:54Z">
          <reporter-output>
          </reporter-output>
        </test-method> <!-- checkResposeBody -->
        <test-method status="PASS" signature="checkStatusCode()[pri:0, instance:com.heroes.testCases.TC_016_CheckAddingThreeHeroesInRandomPowerLevel@ff5b51f]" name="checkStatusCode" duration-ms="1" started-at="2020-10-27T08:49:54Z" finished-at="2020-10-27T08:49:54Z">
          <reporter-output>
          </reporter-output>
        </test-method> <!-- checkStatusCode -->
        <test-method status="PASS" signature="checkstatusLine()[pri:0, instance:com.heroes.testCases.TC_016_CheckAddingThreeHeroesInRandomPowerLevel@ff5b51f]" name="checkstatusLine" duration-ms="1" started-at="2020-10-27T08:49:54Z" finished-at="2020-10-27T08:49:54Z">
          <reporter-output>
          </reporter-output>
        </test-method> <!-- checkstatusLine -->
        <test-method status="PASS" signature="tearDown()[pri:0, instance:com.heroes.testCases.TC_016_CheckAddingThreeHeroesInRandomPowerLevel@ff5b51f]" name="tearDown" is-config="true" duration-ms="2" started-at="2020-10-27T08:49:54Z" finished-at="2020-10-27T08:49:54Z">
          <reporter-output>
          </reporter-output>
        </test-method> <!-- tearDown -->
      </class> <!-- com.heroes.testCases.TC_016_CheckAddingThreeHeroesInRandomPowerLevel -->
      <class name="com.heroes.testCases.TC_023_CheckPostRequestWithvalidWithSpace">
        <test-method status="PASS" signature="setup()[pri:0, instance:com.heroes.testCases.TC_023_CheckPostRequestWithvalidWithSpace@4bec1f0c]" name="setup" is-config="true" duration-ms="4" started-at="2020-10-27T08:50:12Z" finished-at="2020-10-27T08:50:12Z">
          <reporter-output>
          </reporter-output>
        </test-method> <!-- setup -->
        <test-method status="PASS" signature="CheckPostWithSpace()[pri:0, instance:com.heroes.testCases.TC_023_CheckPostRequestWithvalidWithSpace@4bec1f0c]" name="CheckPostWithSpace" is-config="true" duration-ms="2044" started-at="2020-10-27T08:50:12Z" finished-at="2020-10-27T08:50:14Z">
          <reporter-output>
          </reporter-output>
        </test-method> <!-- CheckPostWithSpace -->
        <test-method status="PASS" signature="checkContentLength()[pri:0, instance:com.heroes.testCases.TC_023_CheckPostRequestWithvalidWithSpace@4bec1f0c]" name="checkContentLength" duration-ms="0" started-at="2020-10-27T08:50:14Z" finished-at="2020-10-27T08:50:14Z">
          <reporter-output>
          </reporter-output>
        </test-method> <!-- checkContentLength -->
        <test-method status="PASS" signature="checkContentType()[pri:0, instance:com.heroes.testCases.TC_023_CheckPostRequestWithvalidWithSpace@4bec1f0c]" name="checkContentType" duration-ms="1" started-at="2020-10-27T08:50:14Z" finished-at="2020-10-27T08:50:14Z">
          <reporter-output>
          </reporter-output>
        </test-method> <!-- checkContentType -->
        <test-method status="PASS" signature="checkResponseTime()[pri:0, instance:com.heroes.testCases.TC_023_CheckPostRequestWithvalidWithSpace@4bec1f0c]" name="checkResponseTime" duration-ms="0" started-at="2020-10-27T08:50:14Z" finished-at="2020-10-27T08:50:14Z">
          <reporter-output>
          </reporter-output>
        </test-method> <!-- checkResponseTime -->
        <test-method status="PASS" signature="checkResposeBody()[pri:0, instance:com.heroes.testCases.TC_023_CheckPostRequestWithvalidWithSpace@4bec1f0c]" name="checkResposeBody" duration-ms="1" started-at="2020-10-27T08:50:14Z" finished-at="2020-10-27T08:50:14Z">
          <reporter-output>
          </reporter-output>
        </test-method> <!-- checkResposeBody -->
        <test-method status="PASS" signature="checkStatusCode()[pri:0, instance:com.heroes.testCases.TC_023_CheckPostRequestWithvalidWithSpace@4bec1f0c]" name="checkStatusCode" duration-ms="0" started-at="2020-10-27T08:50:14Z" finished-at="2020-10-27T08:50:14Z">
          <reporter-output>
          </reporter-output>
        </test-method> <!-- checkStatusCode -->
        <test-method status="PASS" signature="checkstatusLine()[pri:0, instance:com.heroes.testCases.TC_023_CheckPostRequestWithvalidWithSpace@4bec1f0c]" name="checkstatusLine" duration-ms="1" started-at="2020-10-27T08:50:14Z" finished-at="2020-10-27T08:50:14Z">
          <reporter-output>
          </reporter-output>
        </test-method> <!-- checkstatusLine -->
        <test-method status="PASS" signature="tearDown()[pri:0, instance:com.heroes.testCases.TC_023_CheckPostRequestWithvalidWithSpace@4bec1f0c]" name="tearDown" is-config="true" duration-ms="1" started-at="2020-10-27T08:50:14Z" finished-at="2020-10-27T08:50:14Z">
          <reporter-output>
          </reporter-output>
        </test-method> <!-- tearDown -->
      </class> <!-- com.heroes.testCases.TC_023_CheckPostRequestWithvalidWithSpace -->
    </test> <!-- HeroesRestAPITest -->
  </suite> <!-- HeroesRestAPISuite -->
</testng-results>
