<?xml version="1.0" encoding="UTF-8"?>
<!-- Generated by org.testng.reporters.JUnitXMLReporter -->
<testsuite hostname="Shaileshs-MacBook-Air.local" ignored="0" name="HeroesRestAPITest" tests="174" failures="0" timestamp="27 Oct 2020 08:50:43 GMT" time="81.23" errors="0">
  <testcase name="checkContentLength" time="0.01" classname="com.heroes.testCases.TC_001_CheckGetAllHeroDetails"/>
  <testcase name="checkContentType" time="0.001" classname="com.heroes.testCases.TC_001_CheckGetAllHeroDetails"/>
  <testcase name="checkResponseTime" time="0.006" classname="com.heroes.testCases.TC_001_CheckGetAllHeroDetails"/>
  <testcase name="checkResposeBody" time="0.002" classname="com.heroes.testCases.TC_001_CheckGetAllHeroDetails"/>
  <testcase name="checkStatusCode" time="0.001" classname="com.heroes.testCases.TC_001_CheckGetAllHeroDetails"/>
  <testcase name="checkstatusLine" time="0.001" classname="com.heroes.testCases.TC_001_CheckGetAllHeroDetails"/>
  <testcase name="checkContentLength" time="0.001" classname="com.heroes.testCases.TC_002_CheckGetSingleHero"/>
  <testcase name="checkContentType" time="0.001" classname="com.heroes.testCases.TC_002_CheckGetSingleHero"/>
  <testcase name="checkResponseTime" time="0.004" classname="com.heroes.testCases.TC_002_CheckGetSingleHero"/>
  <testcase name="checkResposeBody" time="0.001" classname="com.heroes.testCases.TC_002_CheckGetSingleHero"/>
  <testcase name="checkStatusCode" time="0.001" classname="com.heroes.testCases.TC_002_CheckGetSingleHero"/>
  <testcase name="checkstatusLine" time="0.001" classname="com.heroes.testCases.TC_002_CheckGetSingleHero"/>
  <testcase name="checkContentLength" time="0.001" classname="com.heroes.testCases.TC_003_CheckPostAHeroToFight"/>
  <testcase name="checkContentType" time="0.001" classname="com.heroes.testCases.TC_003_CheckPostAHeroToFight"/>
  <testcase name="checkResponseTime" time="0.001" classname="com.heroes.testCases.TC_003_CheckPostAHeroToFight"/>
  <testcase name="checkResposeBody" time="0.001" classname="com.heroes.testCases.TC_003_CheckPostAHeroToFight"/>
  <testcase name="checkStatusCode" time="0.001" classname="com.heroes.testCases.TC_003_CheckPostAHeroToFight"/>
  <testcase name="checkstatusLine" time="0.0" classname="com.heroes.testCases.TC_003_CheckPostAHeroToFight"/>
  <testcase name="checkContentLength" time="0.001" classname="com.heroes.testCases.TC_004_CheckPostSecondHeroToFight"/>
  <testcase name="checkContentType" time="0.002" classname="com.heroes.testCases.TC_004_CheckPostSecondHeroToFight"/>
  <testcase name="checkResponseTime" time="0.001" classname="com.heroes.testCases.TC_004_CheckPostSecondHeroToFight"/>
  <testcase name="checkResposeBody" time="0.002" classname="com.heroes.testCases.TC_004_CheckPostSecondHeroToFight"/>
  <testcase name="checkStatusCode" time="0.005" classname="com.heroes.testCases.TC_004_CheckPostSecondHeroToFight"/>
  <testcase name="checkstatusLine" time="0.001" classname="com.heroes.testCases.TC_004_CheckPostSecondHeroToFight"/>
  <testcase name="checkContentLength" time="0.001" classname="com.heroes.testCases.TC_005_CheckPostRequestMakeThemFight"/>
  <testcase name="checkContentType" time="0.001" classname="com.heroes.testCases.TC_005_CheckPostRequestMakeThemFight"/>
  <testcase name="checkResponseTime" time="0.001" classname="com.heroes.testCases.TC_005_CheckPostRequestMakeThemFight"/>
  <testcase name="checkResposeBody" time="0.002" classname="com.heroes.testCases.TC_005_CheckPostRequestMakeThemFight"/>
  <testcase name="checkStatusCode" time="0.001" classname="com.heroes.testCases.TC_005_CheckPostRequestMakeThemFight"/>
  <testcase name="checkstatusLine" time="0.005" classname="com.heroes.testCases.TC_005_CheckPostRequestMakeThemFight"/>
  <testcase name="checkContentLength" time="0.003" classname="com.heroes.testCases.TC_006_CheckDeleteResetFight"/>
  <testcase name="checkContentType" time="0.002" classname="com.heroes.testCases.TC_006_CheckDeleteResetFight"/>
  <testcase name="checkResponseTime" time="0.001" classname="com.heroes.testCases.TC_006_CheckDeleteResetFight"/>
  <testcase name="checkResposeBody" time="0.001" classname="com.heroes.testCases.TC_006_CheckDeleteResetFight"/>
  <testcase name="checkStatusCode" time="0.004" classname="com.heroes.testCases.TC_006_CheckDeleteResetFight"/>
  <testcase name="checkstatusLine" time="0.001" classname="com.heroes.testCases.TC_006_CheckDeleteResetFight"/>
  <testcase name="checkContentLength" time="0.001" classname="com.heroes.testCases.TC_007_CheckFightWithoutAddingHeroes"/>
  <testcase name="checkContentType" time="0.001" classname="com.heroes.testCases.TC_007_CheckFightWithoutAddingHeroes"/>
  <testcase name="checkResponseTime" time="0.002" classname="com.heroes.testCases.TC_007_CheckFightWithoutAddingHeroes"/>
  <testcase name="checkResposeBody" time="0.002" classname="com.heroes.testCases.TC_007_CheckFightWithoutAddingHeroes"/>
  <testcase name="checkStatusCode" time="0.008" classname="com.heroes.testCases.TC_007_CheckFightWithoutAddingHeroes"/>
  <testcase name="checkstatusLine" time="0.0" classname="com.heroes.testCases.TC_007_CheckFightWithoutAddingHeroes"/>
  <testcase name="checkContentLength" time="0.001" classname="com.heroes.testCases.TC_008_CheckFightWithAddingOneHero"/>
  <testcase name="checkContentType" time="0.004" classname="com.heroes.testCases.TC_008_CheckFightWithAddingOneHero"/>
  <testcase name="checkResponseTime" time="0.0" classname="com.heroes.testCases.TC_008_CheckFightWithAddingOneHero"/>
  <testcase name="checkResposeBody" time="0.003" classname="com.heroes.testCases.TC_008_CheckFightWithAddingOneHero"/>
  <testcase name="checkStatusCode" time="0.001" classname="com.heroes.testCases.TC_008_CheckFightWithAddingOneHero"/>
  <testcase name="checkstatusLine" time="0.001" classname="com.heroes.testCases.TC_008_CheckFightWithAddingOneHero"/>
  <testcase name="checkContentLength" time="0.001" classname="com.heroes.testCases.TC_009_CheckAddingThreeHeroes"/>
  <testcase name="checkContentType" time="0.001" classname="com.heroes.testCases.TC_009_CheckAddingThreeHeroes"/>
  <testcase name="checkResponseTime" time="0.001" classname="com.heroes.testCases.TC_009_CheckAddingThreeHeroes"/>
  <testcase name="checkResposeBody" time="0.002" classname="com.heroes.testCases.TC_009_CheckAddingThreeHeroes"/>
  <testcase name="checkStatusCode" time="0.0" classname="com.heroes.testCases.TC_009_CheckAddingThreeHeroes"/>
  <testcase name="checkstatusLine" time="0.002" classname="com.heroes.testCases.TC_009_CheckAddingThreeHeroes"/>
  <testcase name="checkContentLength" time="0.001" classname="com.heroes.testCases.TC_010_CheckAddingSameHeroTwice"/>
  <testcase name="checkContentType" time="0.001" classname="com.heroes.testCases.TC_010_CheckAddingSameHeroTwice"/>
  <testcase name="checkResponseTime" time="0.0" classname="com.heroes.testCases.TC_010_CheckAddingSameHeroTwice"/>
  <testcase name="checkResposeBody" time="0.002" classname="com.heroes.testCases.TC_010_CheckAddingSameHeroTwice"/>
  <testcase name="checkStatusCode" time="0.001" classname="com.heroes.testCases.TC_010_CheckAddingSameHeroTwice"/>
  <testcase name="checkstatusLine" time="0.001" classname="com.heroes.testCases.TC_010_CheckAddingSameHeroTwice"/>
  <testcase name="checkContentLength" time="0.001" classname="com.heroes.testCases.TC_011_CheckAddingTwoHeroInASCPowerLevel"/>
  <testcase name="checkContentType" time="0.001" classname="com.heroes.testCases.TC_011_CheckAddingTwoHeroInASCPowerLevel"/>
  <testcase name="checkResponseTime" time="0.002" classname="com.heroes.testCases.TC_011_CheckAddingTwoHeroInASCPowerLevel"/>
  <testcase name="checkResposeBody" time="0.001" classname="com.heroes.testCases.TC_011_CheckAddingTwoHeroInASCPowerLevel"/>
  <testcase name="checkStatusCode" time="0.001" classname="com.heroes.testCases.TC_011_CheckAddingTwoHeroInASCPowerLevel"/>
  <testcase name="checkstatusLine" time="0.002" classname="com.heroes.testCases.TC_011_CheckAddingTwoHeroInASCPowerLevel"/>
  <testcase name="checkContentLength" time="0.001" classname="com.heroes.testCases.TC_012_CheckAddingTwoHeroInDescPowerLevel"/>
  <testcase name="checkContentType" time="0.001" classname="com.heroes.testCases.TC_012_CheckAddingTwoHeroInDescPowerLevel"/>
  <testcase name="checkResponseTime" time="0.001" classname="com.heroes.testCases.TC_012_CheckAddingTwoHeroInDescPowerLevel"/>
  <testcase name="checkResposeBody" time="0.001" classname="com.heroes.testCases.TC_012_CheckAddingTwoHeroInDescPowerLevel"/>
  <testcase name="checkStatusCode" time="0.001" classname="com.heroes.testCases.TC_012_CheckAddingTwoHeroInDescPowerLevel"/>
  <testcase name="checkstatusLine" time="0.001" classname="com.heroes.testCases.TC_012_CheckAddingTwoHeroInDescPowerLevel"/>
  <testcase name="checkContentLength" time="0.001" classname="com.heroes.testCases.TC_013_CheckAddingTwoHeroesInRandomPowerLevel"/>
  <testcase name="checkContentType" time="0.001" classname="com.heroes.testCases.TC_013_CheckAddingTwoHeroesInRandomPowerLevel"/>
  <testcase name="checkResponseTime" time="0.001" classname="com.heroes.testCases.TC_013_CheckAddingTwoHeroesInRandomPowerLevel"/>
  <testcase name="checkResposeBody" time="0.005" classname="com.heroes.testCases.TC_013_CheckAddingTwoHeroesInRandomPowerLevel"/>
  <testcase name="checkStatusCode" time="0.001" classname="com.heroes.testCases.TC_013_CheckAddingTwoHeroesInRandomPowerLevel"/>
  <testcase name="checkstatusLine" time="0.001" classname="com.heroes.testCases.TC_013_CheckAddingTwoHeroesInRandomPowerLevel"/>
  <testcase name="checkContentLength" time="0.001" classname="com.heroes.testCases.TC_014_CheckAddingThreeHeroesInAscOrderPowerLevel"/>
  <testcase name="checkContentType" time="0.001" classname="com.heroes.testCases.TC_014_CheckAddingThreeHeroesInAscOrderPowerLevel"/>
  <testcase name="checkResponseTime" time="0.003" classname="com.heroes.testCases.TC_014_CheckAddingThreeHeroesInAscOrderPowerLevel"/>
  <testcase name="checkResposeBody" time="0.004" classname="com.heroes.testCases.TC_014_CheckAddingThreeHeroesInAscOrderPowerLevel"/>
  <testcase name="checkStatusCode" time="0.001" classname="com.heroes.testCases.TC_014_CheckAddingThreeHeroesInAscOrderPowerLevel"/>
  <testcase name="checkstatusLine" time="0.001" classname="com.heroes.testCases.TC_014_CheckAddingThreeHeroesInAscOrderPowerLevel"/>
  <testcase name="checkContentLength" time="0.001" classname="com.heroes.testCases.TC_015_CheckAddingThreeHeroesInDescPowerLevel"/>
  <testcase name="checkContentType" time="0.001" classname="com.heroes.testCases.TC_015_CheckAddingThreeHeroesInDescPowerLevel"/>
  <testcase name="checkResponseTime" time="0.0" classname="com.heroes.testCases.TC_015_CheckAddingThreeHeroesInDescPowerLevel"/>
  <testcase name="checkResposeBody" time="0.001" classname="com.heroes.testCases.TC_015_CheckAddingThreeHeroesInDescPowerLevel"/>
  <testcase name="checkStatusCode" time="0.001" classname="com.heroes.testCases.TC_015_CheckAddingThreeHeroesInDescPowerLevel"/>
  <testcase name="checkstatusLine" time="0.001" classname="com.heroes.testCases.TC_015_CheckAddingThreeHeroesInDescPowerLevel"/>
  <testcase name="checkContentLength" time="0.0" classname="com.heroes.testCases.TC_016_CheckAddingThreeHeroesInRandomPowerLevel"/>
  <testcase name="checkContentType" time="0.001" classname="com.heroes.testCases.TC_016_CheckAddingThreeHeroesInRandomPowerLevel"/>
  <testcase name="checkResponseTime" time="0.001" classname="com.heroes.testCases.TC_016_CheckAddingThreeHeroesInRandomPowerLevel"/>
  <testcase name="checkResposeBody" time="0.002" classname="com.heroes.testCases.TC_016_CheckAddingThreeHeroesInRandomPowerLevel"/>
  <testcase name="checkStatusCode" time="0.001" classname="com.heroes.testCases.TC_016_CheckAddingThreeHeroesInRandomPowerLevel"/>
  <testcase name="checkstatusLine" time="0.001" classname="com.heroes.testCases.TC_016_CheckAddingThreeHeroesInRandomPowerLevel"/>
  <testcase name="checkContentLength" time="0.001" classname="com.heroes.testCases.TC_017_CheckAddingFourHeroes"/>
  <testcase name="checkContentType" time="0.0" classname="com.heroes.testCases.TC_017_CheckAddingFourHeroes"/>
  <testcase name="checkResponseTime" time="0.001" classname="com.heroes.testCases.TC_017_CheckAddingFourHeroes"/>
  <testcase name="checkResposeBody" time="0.001" classname="com.heroes.testCases.TC_017_CheckAddingFourHeroes"/>
  <testcase name="checkStatusCode" time="0.0" classname="com.heroes.testCases.TC_017_CheckAddingFourHeroes"/>
  <testcase name="checkstatusLine" time="0.0" classname="com.heroes.testCases.TC_017_CheckAddingFourHeroes"/>
  <testcase name="checkContentLength" time="0.0" classname="com.heroes.testCases.TC_018_CheckAddingSameHeroAlternatively"/>
  <testcase name="checkContentType" time="0.001" classname="com.heroes.testCases.TC_018_CheckAddingSameHeroAlternatively"/>
  <testcase name="checkResponseTime" time="0.0" classname="com.heroes.testCases.TC_018_CheckAddingSameHeroAlternatively"/>
  <testcase name="checkResposeBody" time="0.003" classname="com.heroes.testCases.TC_018_CheckAddingSameHeroAlternatively"/>
  <testcase name="checkStatusCode" time="0.001" classname="com.heroes.testCases.TC_018_CheckAddingSameHeroAlternatively"/>
  <testcase name="checkstatusLine" time="0.004" classname="com.heroes.testCases.TC_018_CheckAddingSameHeroAlternatively"/>
  <testcase name="checkContentLength" time="0.0" classname="com.heroes.testCases.TC_019_CheckFightbetweenTwoResultHigherpowerlevelWins"/>
  <testcase name="checkContentType" time="0.001" classname="com.heroes.testCases.TC_019_CheckFightbetweenTwoResultHigherpowerlevelWins"/>
  <testcase name="checkResponseTime" time="0.001" classname="com.heroes.testCases.TC_019_CheckFightbetweenTwoResultHigherpowerlevelWins"/>
  <testcase name="checkResposeBody" time="0.002" classname="com.heroes.testCases.TC_019_CheckFightbetweenTwoResultHigherpowerlevelWins"/>
  <testcase name="checkStatusCode" time="0.001" classname="com.heroes.testCases.TC_019_CheckFightbetweenTwoResultHigherpowerlevelWins"/>
  <testcase name="checkstatusLine" time="0.0" classname="com.heroes.testCases.TC_019_CheckFightbetweenTwoResultHigherpowerlevelWins"/>
  <testcase name="checkContentLength" time="0.001" classname="com.heroes.testCases.TC_020_CheckGetMethodforIncorrectID"/>
  <testcase name="checkResponseTime" time="0.001" classname="com.heroes.testCases.TC_020_CheckGetMethodforIncorrectID"/>
  <testcase name="checkResposeBody" time="0.003" classname="com.heroes.testCases.TC_020_CheckGetMethodforIncorrectID"/>
  <testcase name="checkStatusCode" time="0.001" classname="com.heroes.testCases.TC_020_CheckGetMethodforIncorrectID"/>
  <testcase name="checkstatusLine" time="0.0" classname="com.heroes.testCases.TC_020_CheckGetMethodforIncorrectID"/>
  <testcase name="checkContentLength" time="0.0" classname="com.heroes.testCases.TC_021_CheckPostforInvaildNotinList"/>
  <testcase name="checkContentType" time="0.001" classname="com.heroes.testCases.TC_021_CheckPostforInvaildNotinList"/>
  <testcase name="checkResponseTime" time="0.0" classname="com.heroes.testCases.TC_021_CheckPostforInvaildNotinList"/>
  <testcase name="checkResposeBody" time="0.001" classname="com.heroes.testCases.TC_021_CheckPostforInvaildNotinList"/>
  <testcase name="checkStatusCode" time="0.001" classname="com.heroes.testCases.TC_021_CheckPostforInvaildNotinList"/>
  <testcase name="checkstatusLine" time="0.0" classname="com.heroes.testCases.TC_021_CheckPostforInvaildNotinList"/>
  <testcase name="checkContentLength" time="0.001" classname="com.heroes.testCases.TC_022_CheckGetRequestWithExtraspace"/>
  <testcase name="checkContentType" time="0.001" classname="com.heroes.testCases.TC_022_CheckGetRequestWithExtraspace"/>
  <testcase name="checkResponseTime" time="0.001" classname="com.heroes.testCases.TC_022_CheckGetRequestWithExtraspace"/>
  <testcase name="checkResposeBody" time="0.001" classname="com.heroes.testCases.TC_022_CheckGetRequestWithExtraspace"/>
  <testcase name="checkStatusCode" time="0.001" classname="com.heroes.testCases.TC_022_CheckGetRequestWithExtraspace"/>
  <testcase name="checkstatusLine" time="0.0" classname="com.heroes.testCases.TC_022_CheckGetRequestWithExtraspace"/>
  <testcase name="checkContentLength" time="0.0" classname="com.heroes.testCases.TC_023_CheckPostRequestWithvalidWithSpace"/>
  <testcase name="checkContentType" time="0.001" classname="com.heroes.testCases.TC_023_CheckPostRequestWithvalidWithSpace"/>
  <testcase name="checkResponseTime" time="0.0" classname="com.heroes.testCases.TC_023_CheckPostRequestWithvalidWithSpace"/>
  <testcase name="checkResposeBody" time="0.001" classname="com.heroes.testCases.TC_023_CheckPostRequestWithvalidWithSpace"/>
  <testcase name="checkStatusCode" time="0.0" classname="com.heroes.testCases.TC_023_CheckPostRequestWithvalidWithSpace"/>
  <testcase name="checkstatusLine" time="0.001" classname="com.heroes.testCases.TC_023_CheckPostRequestWithvalidWithSpace"/>
  <testcase name="checkContentLength" time="0.001" classname="com.heroes.testCases.TC_024_CheckSuccessMessageAfterAddingTwoHeroes"/>
  <testcase name="checkContentType" time="0.001" classname="com.heroes.testCases.TC_024_CheckSuccessMessageAfterAddingTwoHeroes"/>
  <testcase name="checkResponseTime" time="0.001" classname="com.heroes.testCases.TC_024_CheckSuccessMessageAfterAddingTwoHeroes"/>
  <testcase name="checkResposeBody" time="0.001" classname="com.heroes.testCases.TC_024_CheckSuccessMessageAfterAddingTwoHeroes"/>
  <testcase name="checkStatusCode" time="0.001" classname="com.heroes.testCases.TC_024_CheckSuccessMessageAfterAddingTwoHeroes"/>
  <testcase name="checkstatusLine" time="0.001" classname="com.heroes.testCases.TC_024_CheckSuccessMessageAfterAddingTwoHeroes"/>
  <testcase name="checkContentLength" time="0.001" classname="com.heroes.testCases.TC_025_CheckSuccessMessageAfterAddingThreeHeroes"/>
  <testcase name="checkResponseTime" time="0.001" classname="com.heroes.testCases.TC_025_CheckSuccessMessageAfterAddingThreeHeroes"/>
  <testcase name="checkResposeBody" time="0.001" classname="com.heroes.testCases.TC_025_CheckSuccessMessageAfterAddingThreeHeroes"/>
  <testcase name="checkStatusCode" time="0.0" classname="com.heroes.testCases.TC_025_CheckSuccessMessageAfterAddingThreeHeroes"/>
  <testcase name="checkstatusLine" time="0.001" classname="com.heroes.testCases.TC_025_CheckSuccessMessageAfterAddingThreeHeroes"/>
  <testcase name="checkResposeBody" time="0.0" classname="com.heroes.testCases.TC_026_CheckAuthenticationFailureWithInvalidToken"/>
  <testcase name="checkStatusCode" time="0.001" classname="com.heroes.testCases.TC_026_CheckAuthenticationFailureWithInvalidToken"/>
  <testcase name="checkstatusLine" time="0.0" classname="com.heroes.testCases.TC_026_CheckAuthenticationFailureWithInvalidToken"/>
  <testcase name="checkContentLength" time="0.001" classname="com.heroes.testCases.TC_027_CheckTokenAuthenticationValid"/>
  <testcase name="checkContentType" time="0.001" classname="com.heroes.testCases.TC_027_CheckTokenAuthenticationValid"/>
  <testcase name="checkResponseTime" time="0.001" classname="com.heroes.testCases.TC_027_CheckTokenAuthenticationValid"/>
  <testcase name="checkResposeBody" time="0.001" classname="com.heroes.testCases.TC_027_CheckTokenAuthenticationValid"/>
  <testcase name="checkStatusCode" time="0.001" classname="com.heroes.testCases.TC_027_CheckTokenAuthenticationValid"/>
  <testcase name="checkstatusLine" time="0.001" classname="com.heroes.testCases.TC_027_CheckTokenAuthenticationValid"/>
  <testcase name="checkContentLength" time="0.0" classname="com.heroes.testCases.TC_029_CheckFIghtBetweemThreeHeroesInASCPowerLevel"/>
  <testcase name="checkContentType" time="0.002" classname="com.heroes.testCases.TC_029_CheckFIghtBetweemThreeHeroesInASCPowerLevel"/>
  <testcase name="checkResponseTime" time="0.001" classname="com.heroes.testCases.TC_029_CheckFIghtBetweemThreeHeroesInASCPowerLevel"/>
  <testcase name="checkResposeBody" time="0.001" classname="com.heroes.testCases.TC_029_CheckFIghtBetweemThreeHeroesInASCPowerLevel"/>
  <testcase name="checkStatusCode" time="0.002" classname="com.heroes.testCases.TC_029_CheckFIghtBetweemThreeHeroesInASCPowerLevel"/>
  <testcase name="checkstatusLine" time="0.001" classname="com.heroes.testCases.TC_029_CheckFIghtBetweemThreeHeroesInASCPowerLevel"/>
  <testcase name="checkContentLength" time="0.0" classname="com.heroes.testCases.TC_032_CheckGetRequestwithValidIDaddedWithNumber"/>
  <testcase name="checkResponseTime" time="0.001" classname="com.heroes.testCases.TC_032_CheckGetRequestwithValidIDaddedWithNumber"/>
  <testcase name="checkResposeBody" time="0.002" classname="com.heroes.testCases.TC_032_CheckGetRequestwithValidIDaddedWithNumber"/>
  <testcase name="checkStatusCode" time="0.001" classname="com.heroes.testCases.TC_032_CheckGetRequestwithValidIDaddedWithNumber"/>
  <testcase name="checkstatusLine" time="0.001" classname="com.heroes.testCases.TC_032_CheckGetRequestwithValidIDaddedWithNumber"/>
  <testcase name="checkContentLength" time="0.001" classname="com.heroes.testCases.TC_033_CheckPostRequestWithValidIdaddedWithNumber"/>
  <testcase name="checkContentType" time="0.001" classname="com.heroes.testCases.TC_033_CheckPostRequestWithValidIdaddedWithNumber"/>
  <testcase name="checkResponseTime" time="0.0" classname="com.heroes.testCases.TC_033_CheckPostRequestWithValidIdaddedWithNumber"/>
  <testcase name="checkResposeBody" time="0.001" classname="com.heroes.testCases.TC_033_CheckPostRequestWithValidIdaddedWithNumber"/>
  <testcase name="checkStatusCode" time="0.0" classname="com.heroes.testCases.TC_033_CheckPostRequestWithValidIdaddedWithNumber"/>
  <testcase name="checkstatusLine" time="0.0" classname="com.heroes.testCases.TC_033_CheckPostRequestWithValidIdaddedWithNumber"/>
</testsuite> <!-- HeroesRestAPITest -->
